 rabbitmq Pulling 
 postgresql Pulling 
 20043066d3d5 Pulling fs layer 
 3fadc669ef11 Pulling fs layer 
 7084ac8f4ab6 Pulling fs layer 
 beb0d870d438 Pulling fs layer 
 d63c4408fdb7 Pulling fs layer 
 efa05c660812 Pulling fs layer 
 f4e7f62f4b80 Pulling fs layer 
 5e1c03b67a78 Pulling fs layer 
 14e6209d5fa8 Pulling fs layer 
 d686b50ce172 Pulling fs layer 
 f4e7f62f4b80 Waiting 
 5e1c03b67a78 Waiting 
 14e6209d5fa8 Waiting 
 d686b50ce172 Waiting 
 beb0d870d438 Waiting 
 d63c4408fdb7 Waiting 
 efa05c660812 Waiting 
 b0a0cf830b12 Pulling fs layer 
 dda3d8fbd5ed Pulling fs layer 
 283a477db7bb Pulling fs layer 
 91d2729fa4d5 Pulling fs layer 
 9739ced65621 Pulling fs layer 
 ae3bb1b347a4 Pulling fs layer 
 f8406d9c00ea Pulling fs layer 
 c199bff16b05 Pulling fs layer 
 e0d55fdb4d15 Pulling fs layer 
 c1cb13b19080 Pulling fs layer 
 873532e5f8c7 Pulling fs layer 
 050d9f8c3b1c Pulling fs layer 
 710e142705f8 Pulling fs layer 
 cb628c265f09 Pulling fs layer 
 b0a0cf830b12 Waiting 
 dda3d8fbd5ed Waiting 
 ae3bb1b347a4 Waiting 
 283a477db7bb Waiting 
 f8406d9c00ea Waiting 
 91d2729fa4d5 Waiting 
 9739ced65621 Waiting 
 c199bff16b05 Waiting 
 e0d55fdb4d15 Waiting 
 c1cb13b19080 Waiting 
 873532e5f8c7 Waiting 
 050d9f8c3b1c Waiting 
 710e142705f8 Waiting 
 cb628c265f09 Waiting 
 7084ac8f4ab6 Downloading [>                                                  ]  76.18kB/7.468MB
 20043066d3d5 Downloading [>                                                  ]  297.9kB/29.72MB
 3fadc669ef11 Downloading [>                                                  ]  445.4kB/43.48MB
 7084ac8f4ab6 Verifying Checksum 
 7084ac8f4ab6 Download complete 
 20043066d3d5 Downloading [=================================================> ]   29.2MB/29.72MB
 20043066d3d5 Verifying Checksum 
 20043066d3d5 Download complete 
 3fadc669ef11 Downloading [=====================================>             ]   32.3MB/43.48MB
 20043066d3d5 Extracting [>                                                  ]  327.7kB/29.72MB
 3fadc669ef11 Verifying Checksum 
 3fadc669ef11 Download complete 
 20043066d3d5 Extracting [==========>                                        ]  6.226MB/29.72MB
 beb0d870d438 Downloading [==>                                                ]     407B/9.462kB
 beb0d870d438 Downloading [==================================================>]  9.462kB/9.462kB
 beb0d870d438 Download complete 
 d63c4408fdb7 Downloading [>                                                  ]    215kB/21.31MB
 20043066d3d5 Extracting [===============>                                   ]  9.503MB/29.72MB
 efa05c660812 Downloading [==================================================>]     189B/189B
 efa05c660812 Verifying Checksum 
 efa05c660812 Download complete 
 d63c4408fdb7 Verifying Checksum 
 d63c4408fdb7 Download complete 
 20043066d3d5 Extracting [==========================>                        ]  15.73MB/29.72MB
 f4e7f62f4b80 Downloading [==================================================>]     109B/109B
 f4e7f62f4b80 Download complete 
 20043066d3d5 Extracting [========================================>          ]  24.25MB/29.72MB
 5e1c03b67a78 Downloading [===============================>                   ]     389B/620B
 5e1c03b67a78 Downloading [==================================================>]     620B/620B
 5e1c03b67a78 Download complete 
 14e6209d5fa8 Downloading [========================>                          ]     408B/833B
 14e6209d5fa8 Downloading [==================================================>]     833B/833B
 14e6209d5fa8 Verifying Checksum 
 14e6209d5fa8 Download complete 
 20043066d3d5 Extracting [==========================================>        ]  25.56MB/29.72MB
 d686b50ce172 Downloading [>                                                  ]    127kB/12.47MB
 d686b50ce172 Verifying Checksum 
 d686b50ce172 Download complete 
 20043066d3d5 Extracting [===============================================>   ]  28.18MB/29.72MB
 b0a0cf830b12 Downloading [>                                                  ]  294.9kB/29.15MB
 dda3d8fbd5ed Downloading [=================>                                 ]     407B/1.165kB
 dda3d8fbd5ed Downloading [==================================================>]  1.165kB/1.165kB
 dda3d8fbd5ed Verifying Checksum 
 dda3d8fbd5ed Download complete 
 b0a0cf830b12 Verifying Checksum 
 b0a0cf830b12 Download complete 
 20043066d3d5 Extracting [=================================================> ]  29.49MB/29.72MB
 b0a0cf830b12 Extracting [>                                                  ]  294.9kB/29.15MB
 283a477db7bb Downloading [>                                                  ]  45.46kB/4.533MB
 283a477db7bb Verifying Checksum 
 283a477db7bb Download complete 
 20043066d3d5 Extracting [==================================================>]  29.72MB/29.72MB
 b0a0cf830b12 Extracting [=========>                                         ]  5.603MB/29.15MB
 91d2729fa4d5 Downloading [>                                                  ]  15.36kB/1.45MB
 20043066d3d5 Pull complete 
 91d2729fa4d5 Verifying Checksum 
 91d2729fa4d5 Download complete 
 3fadc669ef11 Extracting [>                                                  ]  458.8kB/43.48MB
 9739ced65621 Downloading [>                                                  ]   84.5kB/8.069MB
 b0a0cf830b12 Extracting [================>                                  ]  9.732MB/29.15MB
 9739ced65621 Verifying Checksum 
 9739ced65621 Download complete 
 3fadc669ef11 Extracting [========>                                          ]   7.34MB/43.48MB
 ae3bb1b347a4 Downloading [>                                                  ]  12.68kB/1.196MB
 b0a0cf830b12 Extracting [=====================>                             ]  12.39MB/29.15MB
 ae3bb1b347a4 Downloading [==================================================>]  1.196MB/1.196MB
 ae3bb1b347a4 Verifying Checksum 
 ae3bb1b347a4 Download complete 
 3fadc669ef11 Extracting [================>                                  ]  14.68MB/43.48MB
 f8406d9c00ea Download complete 
 b0a0cf830b12 Extracting [================================>                  ]  19.17MB/29.15MB
 3fadc669ef11 Extracting [========================>                          ]  21.56MB/43.48MB
 c199bff16b05 Downloading [======>                                            ]     408B/3.145kB
 c199bff16b05 Downloading [==================================================>]  3.145kB/3.145kB
 c199bff16b05 Verifying Checksum 
 c199bff16b05 Download complete 
 b0a0cf830b12 Extracting [=========================================>         ]  24.18MB/29.15MB
 3fadc669ef11 Extracting [================================>                  ]  27.98MB/43.48MB
 e0d55fdb4d15 Downloading [>                                                  ]  540.7kB/109MB
 c1cb13b19080 Downloading [=>                                                 ]     375B/9.925kB
 c1cb13b19080 Verifying Checksum 
 c1cb13b19080 Download complete 
 3fadc669ef11 Extracting [=====================================>             ]  33.03MB/43.48MB
 e0d55fdb4d15 Downloading [===========>                                       ]   25.2MB/109MB
 b0a0cf830b12 Extracting [==========================================>        ]  24.77MB/29.15MB
 873532e5f8c7 Downloading [==================================================>]     128B/128B
 873532e5f8c7 Verifying Checksum 
 873532e5f8c7 Download complete 
 3fadc669ef11 Extracting [=============================================>     ]  39.45MB/43.48MB
 e0d55fdb4d15 Downloading [========================>                          ]  53.56MB/109MB
 3fadc669ef11 Extracting [==================================================>]  43.48MB/43.48MB
 b0a0cf830b12 Extracting [===============================================>   ]  27.72MB/29.15MB
 e0d55fdb4d15 Downloading [====================================>              ]  79.76MB/109MB
 050d9f8c3b1c Downloading [==================================================>]     169B/169B
 050d9f8c3b1c Verifying Checksum 
 050d9f8c3b1c Download complete 
 710e142705f8 Downloading [===>                                               ]     407B/5.421kB
 e0d55fdb4d15 Downloading [================================================>  ]  105.5MB/109MB
 710e142705f8 Downloading [==================================================>]  5.421kB/5.421kB
 710e142705f8 Verifying Checksum 
 710e142705f8 Download complete 
 e0d55fdb4d15 Verifying Checksum 
 e0d55fdb4d15 Download complete 
 cb628c265f09 Downloading [==================================================>]     184B/184B
 cb628c265f09 Verifying Checksum 
 cb628c265f09 Download complete 
 b0a0cf830b12 Extracting [================================================>  ]  28.31MB/29.15MB
 b0a0cf830b12 Extracting [==================================================>]  29.15MB/29.15MB
 b0a0cf830b12 Pull complete 
 dda3d8fbd5ed Extracting [==================================================>]  1.165kB/1.165kB
 dda3d8fbd5ed Extracting [==================================================>]  1.165kB/1.165kB
 dda3d8fbd5ed Pull complete 
 3fadc669ef11 Pull complete 
 283a477db7bb Extracting [>                                                  ]  65.54kB/4.533MB
 7084ac8f4ab6 Extracting [>                                                  ]   98.3kB/7.468MB
 283a477db7bb Extracting [==================================================>]  4.533MB/4.533MB
 7084ac8f4ab6 Extracting [====================>                              ]  3.047MB/7.468MB
 283a477db7bb Pull complete 
 91d2729fa4d5 Extracting [=>                                                 ]  32.77kB/1.45MB
 7084ac8f4ab6 Extracting [==================================================>]  7.468MB/7.468MB
 7084ac8f4ab6 Extracting [==================================================>]  7.468MB/7.468MB
 7084ac8f4ab6 Pull complete 
 beb0d870d438 Extracting [==================================================>]  9.462kB/9.462kB
 beb0d870d438 Extracting [==================================================>]  9.462kB/9.462kB
 91d2729fa4d5 Extracting [==================================================>]   1.45MB/1.45MB
 beb0d870d438 Pull complete 
 91d2729fa4d5 Pull complete 
 9739ced65621 Extracting [>                                                  ]   98.3kB/8.069MB
 d63c4408fdb7 Extracting [>                                                  ]  229.4kB/21.31MB
 9739ced65621 Extracting [=====================>                             ]  3.539MB/8.069MB
 d63c4408fdb7 Extracting [==========>                                        ]  4.358MB/21.31MB
 9739ced65621 Extracting [==================================>                ]  5.505MB/8.069MB
 d63c4408fdb7 Extracting [====================>                              ]  8.946MB/21.31MB
 9739ced65621 Extracting [==============================================>    ]  7.471MB/8.069MB
 9739ced65621 Extracting [==================================================>]  8.069MB/8.069MB
 d63c4408fdb7 Extracting [=============================>                     ]  12.62MB/21.31MB
 9739ced65621 Pull complete 
 ae3bb1b347a4 Extracting [=>                                                 ]  32.77kB/1.196MB
 ae3bb1b347a4 Extracting [==================================================>]  1.196MB/1.196MB
 d63c4408fdb7 Extracting [===================================>               ]  15.14MB/21.31MB
 ae3bb1b347a4 Extracting [==================================================>]  1.196MB/1.196MB
 ae3bb1b347a4 Pull complete 
 f8406d9c00ea Extracting [==================================================>]     116B/116B
 f8406d9c00ea Extracting [==================================================>]     116B/116B
 f8406d9c00ea Pull complete 
 c199bff16b05 Extracting [==================================================>]  3.145kB/3.145kB
 c199bff16b05 Extracting [==================================================>]  3.145kB/3.145kB
 c199bff16b05 Pull complete 
 d63c4408fdb7 Extracting [=======================================>           ]  16.74MB/21.31MB
 e0d55fdb4d15 Extracting [>                                                  ]  557.1kB/109MB
 d63c4408fdb7 Extracting [===========================================>       ]  18.35MB/21.31MB
 e0d55fdb4d15 Extracting [===>                                               ]  7.242MB/109MB
 e0d55fdb4d15 Extracting [====>                                              ]  10.03MB/109MB
 d63c4408fdb7 Extracting [================================================>  ]  20.87MB/21.31MB
 e0d55fdb4d15 Extracting [======>                                            ]  14.48MB/109MB
 d63c4408fdb7 Extracting [==================================================>]  21.31MB/21.31MB
 d63c4408fdb7 Pull complete 
 efa05c660812 Extracting [==================================================>]     189B/189B
 efa05c660812 Extracting [==================================================>]     189B/189B
 efa05c660812 Pull complete 
 f4e7f62f4b80 Extracting [==================================================>]     109B/109B
 f4e7f62f4b80 Extracting [==================================================>]     109B/109B
 e0d55fdb4d15 Extracting [========>                                          ]  18.38MB/109MB
 f4e7f62f4b80 Pull complete 
 5e1c03b67a78 Extracting [==================================================>]     620B/620B
 5e1c03b67a78 Extracting [==================================================>]     620B/620B
 5e1c03b67a78 Pull complete 
 14e6209d5fa8 Extracting [==================================================>]     833B/833B
 14e6209d5fa8 Extracting [==================================================>]     833B/833B
 14e6209d5fa8 Pull complete 
 d686b50ce172 Extracting [>                                                  ]  131.1kB/12.47MB
 e0d55fdb4d15 Extracting [==========>                                        ]  22.84MB/109MB
 d686b50ce172 Extracting [=================>                                 ]  4.325MB/12.47MB
 e0d55fdb4d15 Extracting [============>                                      ]  27.85MB/109MB
 d686b50ce172 Extracting [=========================>                         ]  6.291MB/12.47MB
 e0d55fdb4d15 Extracting [================>                                  ]  36.21MB/109MB
 d686b50ce172 Extracting [===========================>                       ]  6.947MB/12.47MB
 e0d55fdb4d15 Extracting [====================>                              ]  44.01MB/109MB
 d686b50ce172 Extracting [=====================================>             ]  9.437MB/12.47MB
 e0d55fdb4d15 Extracting [=======================>                           ]  51.25MB/109MB
 d686b50ce172 Extracting [============================================>      ]  11.01MB/12.47MB
 d686b50ce172 Extracting [==================================================>]  12.47MB/12.47MB
 e0d55fdb4d15 Extracting [=========================>                         ]  55.15MB/109MB
 e0d55fdb4d15 Extracting [===========================>                       ]  60.72MB/109MB
 d686b50ce172 Pull complete 
 rabbitmq Pulled 
 e0d55fdb4d15 Extracting [================================>                  ]  70.75MB/109MB
 e0d55fdb4d15 Extracting [====================================>              ]  79.66MB/109MB
 e0d55fdb4d15 Extracting [========================================>          ]  88.57MB/109MB
 e0d55fdb4d15 Extracting [==========================================>        ]  93.03MB/109MB
 e0d55fdb4d15 Extracting [============================================>      ]  96.93MB/109MB
 e0d55fdb4d15 Extracting [==============================================>    ]  100.3MB/109MB
 e0d55fdb4d15 Extracting [===============================================>   ]  103.1MB/109MB
 e0d55fdb4d15 Extracting [================================================>  ]  104.7MB/109MB
 e0d55fdb4d15 Extracting [================================================>  ]  106.4MB/109MB
 e0d55fdb4d15 Extracting [=================================================> ]  107.5MB/109MB
 e0d55fdb4d15 Extracting [==================================================>]    109MB/109MB
 e0d55fdb4d15 Pull complete 
 c1cb13b19080 Extracting [==================================================>]  9.925kB/9.925kB
 c1cb13b19080 Extracting [==================================================>]  9.925kB/9.925kB
 c1cb13b19080 Pull complete 
 873532e5f8c7 Extracting [==================================================>]     128B/128B
 873532e5f8c7 Extracting [==================================================>]     128B/128B
 873532e5f8c7 Pull complete 
 050d9f8c3b1c Extracting [==================================================>]     169B/169B
 050d9f8c3b1c Extracting [==================================================>]     169B/169B
 050d9f8c3b1c Pull complete 
 710e142705f8 Extracting [==================================================>]  5.421kB/5.421kB
 710e142705f8 Extracting [==================================================>]  5.421kB/5.421kB
 710e142705f8 Pull complete 
 cb628c265f09 Extracting [==================================================>]     184B/184B
 cb628c265f09 Extracting [==================================================>]     184B/184B
 cb628c265f09 Pull complete 
 postgresql Pulled 
 Network docker_services_cli_default  Creating
 Network docker_services_cli_default  Created
 Container docker_services_cli-rabbitmq-1  Creating
 Container docker_services_cli-postgresql-1  Creating
 Container docker_services_cli-rabbitmq-1  Created
 Container docker_services_cli-postgresql-1  Created
 Container docker_services_cli-rabbitmq-1  Starting
 Container docker_services_cli-postgresql-1  Starting
 Container docker_services_cli-postgresql-1  Started
 Container docker_services_cli-rabbitmq-1  Started
============================= test session starts ==============================
platform linux -- Python 3.9.25, pytest-8.4.2, pluggy-1.6.0
rootdir: /home/runner/work/cds-rdm/cds-rdm/workdir/tests/invenio-oauthclient/original
configfile: setup.cfg
testpaths: docs, tests, invenio_oauthclient
plugins: isort-4.0.0, flask-1.3.0, invenio-3.4.2, github-actions-annotate-failures-0.3.0, pydocstyle-2.4.0, cov-7.0.0, black-0.6.0, pycodestyle-2.5.0
collected 156 items / 3 errors
::warning file=/home/runner/work/cds-rdm/cds-rdm/workdir/tests/invenio-oauthclient/original/.venv/lib/python3.9/site-packages/flask_admin/contrib/__init__.py,line=2::pkg_resources is deprecated as an API. See https://setuptools.pypa.io/en/latest/pkg_resources.html. The pkg_resources package is slated for removal as early as 2025-11-30. Refrain from using this package or pin to Setuptools<81.
::warning file=/home/runner/work/cds-rdm/cds-rdm/workdir/tests/invenio-oauthclient/original/.venv/lib/python3.9/site-packages/pkg_resources/__init__.py,line=3148::Deprecated call to `pkg_resources.declare_namespace('sphinxcontrib')`.%0AImplementing implicit namespace packages (as specified in PEP 420) is preferred to `pkg_resources.declare_namespace`. See https://setuptools.pypa.io/en/latest/references/keywords.html#keyword-namespace-packages
::warning file=/home/runner/work/cds-rdm/cds-rdm/workdir/tests/invenio-oauthclient/original/.venv/lib/python3.9/site-packages/flask_admin/contrib/__init__.py,line=2::Deprecated call to `pkg_resources.declare_namespace('flask_admin.contrib')`.%0AImplementing implicit namespace packages (as specified in PEP 420) is preferred to `pkg_resources.declare_namespace`. See https://setuptools.pypa.io/en/latest/references/keywords.html#keyword-namespace-packages
::warning file=/home/runner/work/cds-rdm/cds-rdm/workdir/tests/invenio-oauthclient/original/.venv/lib/python3.9/site-packages/pkg_resources/__init__.py,line=2560::Deprecated call to `pkg_resources.declare_namespace('flask_admin')`.%0AImplementing implicit namespace packages (as specified in PEP 420) is preferred to `pkg_resources.declare_namespace`. See https://setuptools.pypa.io/en/latest/references/keywords.html#keyword-namespace-packages
::warning file=/home/runner/work/cds-rdm/cds-rdm/workdir/tests/invenio-oauthclient/original/invenio_oauthclient/contrib/cern.py,line=162::The cern contrib is deprecated. Please use the generic keycloak instead.

==================================== ERRORS ====================================
_____________________ ERROR collecting tests/test_admin.py _____________________
ImportError while importing test module '/home/runner/work/cds-rdm/cds-rdm/workdir/tests/invenio-oauthclient/original/tests/test_admin.py'.
Hint: make sure your test modules/packages have valid Python names.
Traceback:
/opt/hostedtoolcache/Python/3.9.25/x64/lib/python3.9/importlib/__init__.py:127: in import_module
    return _bootstrap._gcd_import(name[level:], package, level)
tests/test_admin.py:16: in <module>
    from invenio_oauthclient.admin import (
invenio_oauthclient/admin.py:12: in <module>
    from invenio_accounts.admin import user_identity_adminview
.venv/lib/python3.9/site-packages/invenio_accounts/admin.py:20: in <module>
    from invenio_admin.filters import FilterConverter
E   ModuleNotFoundError: No module named 'invenio_admin'
_____________________ ERROR collecting tests/test_admin.py _____________________
ImportError while importing test module '/home/runner/work/cds-rdm/cds-rdm/workdir/tests/invenio-oauthclient/original/tests/test_admin.py'.
Hint: make sure your test modules/packages have valid Python names.
Traceback:
/opt/hostedtoolcache/Python/3.9.25/x64/lib/python3.9/importlib/__init__.py:127: in import_module
    return _bootstrap._gcd_import(name[level:], package, level)
tests/test_admin.py:16: in <module>
    from invenio_oauthclient.admin import (
invenio_oauthclient/admin.py:12: in <module>
    from invenio_accounts.admin import user_identity_adminview
.venv/lib/python3.9/site-packages/invenio_accounts/admin.py:20: in <module>
    from invenio_admin.filters import FilterConverter
E   ModuleNotFoundError: No module named 'invenio_admin'
________________ ERROR collecting invenio_oauthclient/admin.py _________________
ImportError while importing test module '/home/runner/work/cds-rdm/cds-rdm/workdir/tests/invenio-oauthclient/original/invenio_oauthclient/admin.py'.
Hint: make sure your test modules/packages have valid Python names.
Traceback:
/opt/hostedtoolcache/Python/3.9.25/x64/lib/python3.9/importlib/__init__.py:127: in import_module
    return _bootstrap._gcd_import(name[level:], package, level)
invenio_oauthclient/admin.py:12: in <module>
    from invenio_accounts.admin import user_identity_adminview
.venv/lib/python3.9/site-packages/invenio_accounts/admin.py:20: in <module>
    from invenio_admin.filters import FilterConverter
E   ModuleNotFoundError: No module named 'invenio_admin'
=============================== warnings summary ===============================
.venv/lib/python3.9/site-packages/flask_admin/contrib/__init__.py:2
  /home/runner/work/cds-rdm/cds-rdm/workdir/tests/invenio-oauthclient/original/.venv/lib/python3.9/site-packages/flask_admin/contrib/__init__.py:2: UserWarning: pkg_resources is deprecated as an API. See https://setuptools.pypa.io/en/latest/pkg_resources.html. The pkg_resources package is slated for removal as early as 2025-11-30. Refrain from using this package or pin to Setuptools<81.
    __import__('pkg_resources').declare_namespace(__name__)

.venv/lib/python3.9/site-packages/pkg_resources/__init__.py:3148
  /home/runner/work/cds-rdm/cds-rdm/workdir/tests/invenio-oauthclient/original/.venv/lib/python3.9/site-packages/pkg_resources/__init__.py:3148: DeprecationWarning: Deprecated call to `pkg_resources.declare_namespace('sphinxcontrib')`.
  Implementing implicit namespace packages (as specified in PEP 420) is preferred to `pkg_resources.declare_namespace`. See https://setuptools.pypa.io/en/latest/references/keywords.html#keyword-namespace-packages
    declare_namespace(pkg)

.venv/lib/python3.9/site-packages/flask_admin/contrib/__init__.py:2
  /home/runner/work/cds-rdm/cds-rdm/workdir/tests/invenio-oauthclient/original/.venv/lib/python3.9/site-packages/flask_admin/contrib/__init__.py:2: DeprecationWarning: Deprecated call to `pkg_resources.declare_namespace('flask_admin.contrib')`.
  Implementing implicit namespace packages (as specified in PEP 420) is preferred to `pkg_resources.declare_namespace`. See https://setuptools.pypa.io/en/latest/references/keywords.html#keyword-namespace-packages
    __import__('pkg_resources').declare_namespace(__name__)

.venv/lib/python3.9/site-packages/pkg_resources/__init__.py:2560
  /home/runner/work/cds-rdm/cds-rdm/workdir/tests/invenio-oauthclient/original/.venv/lib/python3.9/site-packages/pkg_resources/__init__.py:2560: DeprecationWarning: Deprecated call to `pkg_resources.declare_namespace('flask_admin')`.
  Implementing implicit namespace packages (as specified in PEP 420) is preferred to `pkg_resources.declare_namespace`. See https://setuptools.pypa.io/en/latest/references/keywords.html#keyword-namespace-packages
    declare_namespace(parent)

invenio_oauthclient/contrib/cern.py:162
  /home/runner/work/cds-rdm/cds-rdm/workdir/tests/invenio-oauthclient/original/invenio_oauthclient/contrib/cern.py:162: DeprecationWarning: The cern contrib is deprecated. Please use the generic keycloak instead.
    warn(

-- Docs: https://docs.pytest.org/en/stable/how-to/capture-warnings.html
=========================== short test summary info ============================
ERROR tests/test_admin.py
ERROR tests/test_admin.py
ERROR invenio_oauthclient/admin.py
!!!!!!!!!!!!!!!!!!! Interrupted: 3 errors during collection !!!!!!!!!!!!!!!!!!!!
======================== 5 warnings, 3 errors in 1.54s =========================
 Container docker_services_cli-postgresql-1  Stopping
 Container docker_services_cli-rabbitmq-1  Stopping
 Container docker_services_cli-postgresql-1  Stopped
 Container docker_services_cli-postgresql-1  Removing
 Container docker_services_cli-postgresql-1  Removed
 Container docker_services_cli-rabbitmq-1  Stopped
 Container docker_services_cli-rabbitmq-1  Removing
 Container docker_services_cli-rabbitmq-1  Removed
 Network docker_services_cli_default  Removing
 Network docker_services_cli_default  Removed
