 rabbitmq Pulling 
 postgresql Pulling 
 rabbitmq Pulled 
 postgresql Pulled 
 Network docker_services_cli_default  Creating
 Network docker_services_cli_default  Created
 Container docker_services_cli-rabbitmq-1  Creating
 Container docker_services_cli-postgresql-1  Creating
 Container docker_services_cli-rabbitmq-1  Created
 Container docker_services_cli-postgresql-1  Created
 Container docker_services_cli-rabbitmq-1  Starting
 Container docker_services_cli-postgresql-1  Starting
 Container docker_services_cli-postgresql-1  Started
 Container docker_services_cli-rabbitmq-1  Started
============================= test session starts ==============================
platform linux -- Python 3.9.25, pytest-8.4.2, pluggy-1.6.0
rootdir: /home/runner/work/cds-rdm/cds-rdm/workdir/tests/invenio-oauthclient/original
configfile: setup.cfg
testpaths: docs, tests, invenio_oauthclient
plugins: isort-4.0.0, flask-1.3.0, invenio-3.4.2, github-actions-annotate-failures-0.3.0, pydocstyle-2.4.0, cov-7.0.0, black-0.6.0, pycodestyle-2.5.0
collected 156 items / 3 errors
==================================== ERRORS ====================================
_____________________ ERROR collecting tests/test_admin.py _____________________
ImportError while importing test module '/home/runner/work/cds-rdm/cds-rdm/workdir/tests/invenio-oauthclient/original/tests/test_admin.py'
Hint: make sure your test modules/packages have valid Python names
Traceback:
/opt/hostedtoolcache/Python/3.9.25/x64/lib/python3.9/importlib/__init__.py:127: in import_module
    return _bootstrap._gcd_import(name[level:], package, level)
tests/test_admin.py:16: in <module>
    from invenio_oauthclient.admin import (
invenio_oauthclient/admin.py:12: in <module>
    from invenio_accounts.admin import user_identity_adminview
venv/lib/python3.9/site-packages/invenio_accounts/admin.py:20: in <module>
    from invenio_admin.filters import FilterConverter
E   ModuleNotFoundError: No module named 'invenio_admin'
_____________________ ERROR collecting tests/test_admin.py _____________________
ImportError while importing test module '/home/runner/work/cds-rdm/cds-rdm/workdir/tests/invenio-oauthclient/original/tests/test_admin.py'
Hint: make sure your test modules/packages have valid Python names
Traceback:
/opt/hostedtoolcache/Python/3.9.25/x64/lib/python3.9/importlib/__init__.py:127: in import_module
    return _bootstrap._gcd_import(name[level:], package, level)
tests/test_admin.py:16: in <module>
    from invenio_oauthclient.admin import (
invenio_oauthclient/admin.py:12: in <module>
    from invenio_accounts.admin import user_identity_adminview
venv/lib/python3.9/site-packages/invenio_accounts/admin.py:20: in <module>
    from invenio_admin.filters import FilterConverter
E   ModuleNotFoundError: No module named 'invenio_admin'
________________ ERROR collecting invenio_oauthclient/admin.py _________________
ImportError while importing test module '/home/runner/work/cds-rdm/cds-rdm/workdir/tests/invenio-oauthclient/original/invenio_oauthclient/admin.py'
Hint: make sure your test modules/packages have valid Python names
Traceback:
/opt/hostedtoolcache/Python/3.9.25/x64/lib/python3.9/importlib/__init__.py:127: in import_module
    return _bootstrap._gcd_import(name[level:], package, level)
invenio_oauthclient/admin.py:12: in <module>
    from invenio_accounts.admin import user_identity_adminview
venv/lib/python3.9/site-packages/invenio_accounts/admin.py:20: in <module>
    from invenio_admin.filters import FilterConverter
E   ModuleNotFoundError: No module named 'invenio_admin'
=============================== warnings summary ===============================
venv/lib/python3.9/site-packages/flask_admin/contrib/__init__.py:2
    __import__('pkg_resources').declare_namespace(__name__)
venv/lib/python3.9/site-packages/pkg_resources/__init__.py:3148
  Implementing implicit namespace packages (as specified in PEP 420) is preferred to `pkg_resources.declare_namespace`. See https://setuptools.pypa.io/en/latest/references/keywords.html#keyword-namespace-packages
    declare_namespace(pkg)
venv/lib/python3.9/site-packages/flask_admin/contrib/__init__.py:2
  Implementing implicit namespace packages (as specified in PEP 420) is preferred to `pkg_resources.declare_namespace`. See https://setuptools.pypa.io/en/latest/references/keywords.html#keyword-namespace-packages
    __import__('pkg_resources').declare_namespace(__name__)
venv/lib/python3.9/site-packages/pkg_resources/__init__.py:2560
  Implementing implicit namespace packages (as specified in PEP 420) is preferred to `pkg_resources.declare_namespace`. See https://setuptools.pypa.io/en/latest/references/keywords.html#keyword-namespace-packages
    declare_namespace(parent)
invenio_oauthclient/contrib/cern.py:162
    warn(
=========================== short test summary info ============================
ERROR tests/test_admin.py
ERROR tests/test_admin.py
ERROR invenio_oauthclient/admin.py
!!!!!!!!!!!!!!!!!!! Interrupted: 3 errors during collection !!!!!!!!!!!!!!!!!!!!
======================== 5 warnings, 3 errors in 1.54s =========================
 Container docker_services_cli-postgresql-1  Stopping
 Container docker_services_cli-rabbitmq-1  Stopping
 Container docker_services_cli-postgresql-1  Stopped
 Container docker_services_cli-postgresql-1  Removing
 Container docker_services_cli-postgresql-1  Removed
 Container docker_services_cli-rabbitmq-1  Stopped
 Container docker_services_cli-rabbitmq-1  Removing
 Container docker_services_cli-rabbitmq-1  Removed
 Network docker_services_cli_default  Removing
 Network docker_services_cli_default  Removed
