 postgresql Pulling 
 redis Pulling 
 84a2afebaf4d Pulling fs layer 
 68bef8a2321a Pulling fs layer 
 dc35057c3d27 Pulling fs layer 
 762d5b1c0ef7 Pulling fs layer 
 1196a886e941 Pulling fs layer 
 96afa962f1ac Pulling fs layer 
 4f4fb700ef54 Pulling fs layer 
 6475cc3afbe1 Pulling fs layer 
 762d5b1c0ef7 Waiting 
 1196a886e941 Waiting 
 96afa962f1ac Waiting 
 6475cc3afbe1 Waiting 
 4f4fb700ef54 Waiting 
 b0a0cf830b12 Pulling fs layer 
 dda3d8fbd5ed Pulling fs layer 
 283a477db7bb Pulling fs layer 
 91d2729fa4d5 Pulling fs layer 
 9739ced65621 Pulling fs layer 
 ae3bb1b347a4 Pulling fs layer 
 f8406d9c00ea Pulling fs layer 
 c199bff16b05 Pulling fs layer 
 e0d55fdb4d15 Pulling fs layer 
 c1cb13b19080 Pulling fs layer 
 dda3d8fbd5ed Waiting 
 873532e5f8c7 Pulling fs layer 
 050d9f8c3b1c Pulling fs layer 
 710e142705f8 Pulling fs layer 
 283a477db7bb Waiting 
 cb628c265f09 Pulling fs layer 
 91d2729fa4d5 Waiting 
 9739ced65621 Waiting 
 f8406d9c00ea Waiting 
 ae3bb1b347a4 Waiting 
 c199bff16b05 Waiting 
 e0d55fdb4d15 Waiting 
 050d9f8c3b1c Waiting 
 c1cb13b19080 Waiting 
 710e142705f8 Waiting 
 873532e5f8c7 Waiting 
 cb628c265f09 Waiting 
 dc35057c3d27 Downloading [=======================>                           ]     409B/875B
 dc35057c3d27 Downloading [==================================================>]     875B/875B
 dc35057c3d27 Download complete 
 68bef8a2321a Downloading [==================>                                ]     408B/1.102kB
 68bef8a2321a Downloading [==================================================>]  1.102kB/1.102kB
 68bef8a2321a Verifying Checksum 
 68bef8a2321a Download complete 
 84a2afebaf4d Downloading [>                                                  ]    298kB/28.24MB
 762d5b1c0ef7 Downloading [>                                                  ]  15.46kB/1.438MB
 84a2afebaf4d Download complete 
 762d5b1c0ef7 Downloading [==================================================>]  1.438MB/1.438MB
 762d5b1c0ef7 Verifying Checksum 
 762d5b1c0ef7 Download complete 
 1196a886e941 Downloading [>                                                  ]  154.6kB/15.35MB
 84a2afebaf4d Extracting [>                                                  ]  294.9kB/28.24MB
 1196a886e941 Verifying Checksum 
 1196a886e941 Download complete 
 4f4fb700ef54 Downloading [==================================================>]      32B/32B
 4f4fb700ef54 Download complete 
 96afa962f1ac Downloading [==================================================>]      96B/96B
 96afa962f1ac Verifying Checksum 
 96afa962f1ac Download complete 
 84a2afebaf4d Extracting [==========>                                        ]  5.898MB/28.24MB
 6475cc3afbe1 Downloading [===================================>               ]     409B/573B
 6475cc3afbe1 Downloading [==================================================>]     573B/573B
 6475cc3afbe1 Verifying Checksum 
 6475cc3afbe1 Download complete 
 b0a0cf830b12 Downloading [>                                                  ]  297.9kB/29.15MB
 dda3d8fbd5ed Downloading [=================>                                 ]     408B/1.165kB
 dda3d8fbd5ed Download complete 
 84a2afebaf4d Extracting [================>                                  ]  9.437MB/28.24MB
 283a477db7bb Downloading [>                                                  ]  45.47kB/4.533MB
 283a477db7bb Verifying Checksum 
 283a477db7bb Download complete 
 b0a0cf830b12 Downloading [========================================>          ]  23.82MB/29.15MB
 91d2729fa4d5 Downloading [>                                                  ]  15.42kB/1.45MB
 b0a0cf830b12 Verifying Checksum 
 b0a0cf830b12 Download complete 
 91d2729fa4d5 Verifying Checksum 
 91d2729fa4d5 Download complete 
 84a2afebaf4d Extracting [=====================>                             ]  12.39MB/28.24MB
 b0a0cf830b12 Extracting [>                                                  ]  294.9kB/29.15MB
 9739ced65621 Downloading [>                                                  ]   84.3kB/8.069MB
 ae3bb1b347a4 Downloading [>                                                  ]  12.68kB/1.196MB
 f8406d9c00ea Downloading [==================================================>]     116B/116B
 f8406d9c00ea Verifying Checksum 
 f8406d9c00ea Download complete 
 9739ced65621 Verifying Checksum 
 9739ced65621 Download complete 
 ae3bb1b347a4 Verifying Checksum 
 ae3bb1b347a4 Download complete 
 84a2afebaf4d Extracting [===============================>                   ]  17.99MB/28.24MB
 b0a0cf830b12 Extracting [=======>                                           ]  4.424MB/29.15MB
 c199bff16b05 Downloading [======>                                            ]     408B/3.145kB
 c199bff16b05 Downloading [==================================================>]  3.145kB/3.145kB
 c199bff16b05 Download complete 
 c1cb13b19080 Downloading [=>                                                 ]     375B/9.925kB
 c1cb13b19080 Verifying Checksum 
 c1cb13b19080 Download complete 
 e0d55fdb4d15 Downloading [>                                                  ]  533.4kB/109MB
 84a2afebaf4d Extracting [=========================================>         ]   23.3MB/28.24MB
 b0a0cf830b12 Extracting [===============>                                   ]  9.142MB/29.15MB
 050d9f8c3b1c Downloading [==================================================>]     169B/169B
 050d9f8c3b1c Verifying Checksum 
 050d9f8c3b1c Download complete 
 873532e5f8c7 Downloading [==================================================>]     128B/128B
 873532e5f8c7 Verifying Checksum 
 873532e5f8c7 Download complete 
 e0d55fdb4d15 Downloading [============>                                      ]  26.89MB/109MB
 b0a0cf830b12 Extracting [==================>                                ]  10.91MB/29.15MB
 710e142705f8 Downloading [===>                                               ]     407B/5.421kB
 710e142705f8 Downloading [==================================================>]  5.421kB/5.421kB
 710e142705f8 Verifying Checksum 
 710e142705f8 Download complete 
 e0d55fdb4d15 Downloading [=======================>                           ]  50.52MB/109MB
 cb628c265f09 Downloading [==================================================>]     184B/184B
 cb628c265f09 Verifying Checksum 
 cb628c265f09 Download complete 
 84a2afebaf4d Extracting [==========================================>        ]  23.89MB/28.24MB
 b0a0cf830b12 Extracting [==========================>                        ]  15.63MB/29.15MB
 e0d55fdb4d15 Downloading [===================================>               ]  76.36MB/109MB
 84a2afebaf4d Extracting [==============================================>    ]  26.54MB/28.24MB
 b0a0cf830b12 Extracting [====================================>              ]  21.53MB/29.15MB
 e0d55fdb4d15 Downloading [==============================================>    ]  102.1MB/109MB
 e0d55fdb4d15 Verifying Checksum 
 e0d55fdb4d15 Download complete 
 84a2afebaf4d Extracting [================================================>  ]  27.13MB/28.24MB
 b0a0cf830b12 Extracting [==========================================>        ]  24.77MB/29.15MB
 b0a0cf830b12 Extracting [===============================================>   ]  27.72MB/29.15MB
 84a2afebaf4d Extracting [================================================>  ]  27.43MB/28.24MB
 84a2afebaf4d Extracting [==================================================>]  28.24MB/28.24MB
 84a2afebaf4d Pull complete 
 68bef8a2321a Extracting [==================================================>]  1.102kB/1.102kB
 68bef8a2321a Extracting [==================================================>]  1.102kB/1.102kB
 b0a0cf830b12 Extracting [================================================>  ]  28.31MB/29.15MB
 b0a0cf830b12 Extracting [==================================================>]  29.15MB/29.15MB
 b0a0cf830b12 Pull complete 
 dda3d8fbd5ed Extracting [==================================================>]  1.165kB/1.165kB
 dda3d8fbd5ed Extracting [==================================================>]  1.165kB/1.165kB
 68bef8a2321a Pull complete 
 dda3d8fbd5ed Pull complete 
 dc35057c3d27 Extracting [==================================================>]     875B/875B
 dc35057c3d27 Extracting [==================================================>]     875B/875B
 283a477db7bb Extracting [>                                                  ]  65.54kB/4.533MB
 dc35057c3d27 Pull complete 
 762d5b1c0ef7 Extracting [=>                                                 ]  32.77kB/1.438MB
 762d5b1c0ef7 Extracting [==================================================>]  1.438MB/1.438MB
 762d5b1c0ef7 Extracting [==================================================>]  1.438MB/1.438MB
 762d5b1c0ef7 Pull complete 
 1196a886e941 Extracting [>                                                  ]  163.8kB/15.35MB
 283a477db7bb Extracting [==================================================>]  4.533MB/4.533MB
 1196a886e941 Extracting [========================>                          ]  7.373MB/15.35MB
 283a477db7bb Pull complete 
 91d2729fa4d5 Extracting [=>                                                 ]  32.77kB/1.45MB
 91d2729fa4d5 Extracting [==================================================>]   1.45MB/1.45MB
 91d2729fa4d5 Pull complete 
 9739ced65621 Extracting [>                                                  ]   98.3kB/8.069MB
 1196a886e941 Extracting [===============================================>   ]  14.58MB/15.35MB
 1196a886e941 Extracting [==================================================>]  15.35MB/15.35MB
 1196a886e941 Pull complete 
 96afa962f1ac Extracting [==================================================>]      96B/96B
 96afa962f1ac Extracting [==================================================>]      96B/96B
 96afa962f1ac Pull complete 
 4f4fb700ef54 Extracting [==================================================>]      32B/32B
 4f4fb700ef54 Extracting [==================================================>]      32B/32B
 9739ced65621 Extracting [====================>                              ]  3.342MB/8.069MB
 4f4fb700ef54 Pull complete 
 6475cc3afbe1 Extracting [==================================================>]     573B/573B
 6475cc3afbe1 Extracting [==================================================>]     573B/573B
 6475cc3afbe1 Pull complete 
 redis Pulled 
 9739ced65621 Extracting [===================================>               ]    5.8MB/8.069MB
 9739ced65621 Extracting [==================================================>]  8.069MB/8.069MB
 9739ced65621 Pull complete 
 ae3bb1b347a4 Extracting [=>                                                 ]  32.77kB/1.196MB
 ae3bb1b347a4 Extracting [==================================================>]  1.196MB/1.196MB
 ae3bb1b347a4 Extracting [==================================================>]  1.196MB/1.196MB
 ae3bb1b347a4 Pull complete 
 f8406d9c00ea Extracting [==================================================>]     116B/116B
 f8406d9c00ea Extracting [==================================================>]     116B/116B
 f8406d9c00ea Pull complete 
 c199bff16b05 Extracting [==================================================>]  3.145kB/3.145kB
 c199bff16b05 Extracting [==================================================>]  3.145kB/3.145kB
 c199bff16b05 Pull complete 
 e0d55fdb4d15 Extracting [>                                                  ]  557.1kB/109MB
 e0d55fdb4d15 Extracting [===>                                               ]  7.242MB/109MB
 e0d55fdb4d15 Extracting [====>                                              ]  10.58MB/109MB
 e0d55fdb4d15 Extracting [=======>                                           ]   15.6MB/109MB
 e0d55fdb4d15 Extracting [=========>                                         ]  20.05MB/109MB
 e0d55fdb4d15 Extracting [===========>                                       ]  25.62MB/109MB
 e0d55fdb4d15 Extracting [===============>                                   ]  33.42MB/109MB
 e0d55fdb4d15 Extracting [===================>                               ]  42.34MB/109MB
 e0d55fdb4d15 Extracting [=======================>                           ]  51.25MB/109MB
 e0d55fdb4d15 Extracting [=========================>                         ]  55.15MB/109MB
 e0d55fdb4d15 Extracting [============================>                      ]  61.83MB/109MB
 e0d55fdb4d15 Extracting [================================>                  ]  71.86MB/109MB
 e0d55fdb4d15 Extracting [=====================================>             ]  80.77MB/109MB
 e0d55fdb4d15 Extracting [=========================================>         ]  90.24MB/109MB
 e0d55fdb4d15 Extracting [==========================================>        ]  93.59MB/109MB
 e0d55fdb4d15 Extracting [============================================>      ]  96.93MB/109MB
 e0d55fdb4d15 Extracting [==============================================>    ]  100.3MB/109MB
 e0d55fdb4d15 Extracting [===============================================>   ]  103.6MB/109MB
 e0d55fdb4d15 Extracting [================================================>  ]  105.3MB/109MB
 e0d55fdb4d15 Extracting [=================================================> ]  107.5MB/109MB
 e0d55fdb4d15 Extracting [==================================================>]    109MB/109MB
 e0d55fdb4d15 Pull complete 
 c1cb13b19080 Extracting [==================================================>]  9.925kB/9.925kB
 c1cb13b19080 Extracting [==================================================>]  9.925kB/9.925kB
 c1cb13b19080 Pull complete 
 873532e5f8c7 Extracting [==================================================>]     128B/128B
 873532e5f8c7 Extracting [==================================================>]     128B/128B
 873532e5f8c7 Pull complete 
 050d9f8c3b1c Extracting [==================================================>]     169B/169B
 050d9f8c3b1c Extracting [==================================================>]     169B/169B
 050d9f8c3b1c Pull complete 
 710e142705f8 Extracting [==================================================>]  5.421kB/5.421kB
 710e142705f8 Extracting [==================================================>]  5.421kB/5.421kB
 710e142705f8 Pull complete 
 cb628c265f09 Extracting [==================================================>]     184B/184B
 cb628c265f09 Extracting [==================================================>]     184B/184B
 cb628c265f09 Pull complete 
 postgresql Pulled 
 Network docker_services_cli_default  Creating
 Network docker_services_cli_default  Created
 Container docker_services_cli-redis-1  Creating
 Container docker_services_cli-postgresql-1  Creating
 Container docker_services_cli-postgresql-1  Created
 Container docker_services_cli-redis-1  Created
 Container docker_services_cli-postgresql-1  Starting
 Container docker_services_cli-redis-1  Starting
 Container docker_services_cli-postgresql-1  Started
 Container docker_services_cli-redis-1  Started
============================= test session starts ==============================
platform linux -- Python 3.9.25, pytest-8.4.2, pluggy-1.6.0
rootdir: /home/runner/work/cds-rdm/cds-rdm/workdir/tests/invenio-webhooks/original
configfile: setup.cfg
testpaths: docs, tests, invenio_webhooks
plugins: isort-4.0.0, flask-1.3.0, invenio-3.4.2, github-actions-annotate-failures-0.3.0, pydocstyle-2.4.0, cov-7.0.0, black-0.6.0, pycodestyle-2.5.0
collected 18 items

tests/test_api.py .::warning file=/home/runner/work/cds-rdm/cds-rdm/workdir/tests/invenio-webhooks/original/.venv/lib/python3.9/site-packages/invenio_oauth2server/ext.py,line=332::You are overriding the default OAuthlib "URL encoded" set of valid characters. Make sure that the characters defined in oauthlib.common.urlencoded are indeed limitting your needs.
...::warning file=/home/runner/work/cds-rdm/cds-rdm/workdir/tests/invenio-webhooks/original/.venv/lib/python3.9/site-packages/flask_security/datastore.py,line=208::get_user method is deprecated, user get_user_by_email/get_user_by_id
...                                                [ 38%]
tests/test_invenio_webhooks.py ..s.                                      [ 61%]
tests/test_receivers.py ..::warning file=/home/runner/work/cds-rdm/cds-rdm/workdir/tests/invenio-webhooks/original/invenio_webhooks/models.py,line=147::The Query.get() method is considered legacy as of the 1.x series of SQLAlchemy and becomes a legacy construct in 2.0. The method is now available as Session.get() (deprecated since: 2.0)
.....::warning file=/home/runner/work/cds-rdm/cds-rdm/workdir/tests/invenio-webhooks/original/.venv/lib/python3.9/site-packages/celery/backends/base.py,line=577::Results are not stored in backend and should not be retrieved when task_always_eager is enabled, unless task_store_eager_result is enabled.
::warning file=/home/runner/work/cds-rdm/cds-rdm/workdir/tests/invenio-webhooks/original/invenio_webhooks/models.py,line=147::The Query.get() method is considered legacy as of the 1.x series of SQLAlchemy and becomes a legacy construct in 2.0. The method is now available as Session.get() (deprecated since: 2.0)
::warning file=/home/runner/work/cds-rdm/cds-rdm/workdir/tests/invenio-webhooks/original/tests/test_receivers.py,line=221::The Query.get() method is considered legacy as of the 1.x series of SQLAlchemy and becomes a legacy construct in 2.0. The method is now available as Session.get() (deprecated since: 2.0)
                                          [100%]

=============================== warnings summary ===============================
tests/test_api.py::test_405_methods
  /home/runner/work/cds-rdm/cds-rdm/workdir/tests/invenio-webhooks/original/.venv/lib/python3.9/site-packages/invenio_oauth2server/ext.py:332: RuntimeWarning: You are overriding the default OAuthlib "URL encoded" set of valid characters. Make sure that the characters defined in oauthlib.common.urlencoded are indeed limitting your needs.
    warnings.warn(

tests/test_api.py::test_webhook_post_no_token
  /home/runner/work/cds-rdm/cds-rdm/workdir/tests/invenio-webhooks/original/.venv/lib/python3.9/site-packages/flask_security/datastore.py:208: DeprecationWarning: get_user method is deprecated, user get_user_by_email/get_user_by_id
    warnings.warn(

tests/test_receivers.py::test_receiver_registration
tests/test_receivers.py::test_event_status
  /home/runner/work/cds-rdm/cds-rdm/workdir/tests/invenio-webhooks/original/invenio_webhooks/models.py:147: LegacyAPIWarning: The Query.get() method is considered legacy as of the 1.x series of SQLAlchemy and becomes a legacy construct in 2.0. The method is now available as Session.get() (deprecated since: 2.0) (Background on SQLAlchemy 2.0 at: https://sqlalche.me/e/b8d9)
    event = Event.query.get(event_id)

tests/test_receivers.py::test_event_status
  /home/runner/work/cds-rdm/cds-rdm/workdir/tests/invenio-webhooks/original/.venv/lib/python3.9/site-packages/celery/backends/base.py:577: RuntimeWarning: Results are not stored in backend and should not be retrieved when task_always_eager is enabled, unless task_store_eager_result is enabled.
    warnings.warn(

tests/test_receivers.py::test_event_status
  /home/runner/work/cds-rdm/cds-rdm/workdir/tests/invenio-webhooks/original/tests/test_receivers.py:221: LegacyAPIWarning: The Query.get() method is considered legacy as of the 1.x series of SQLAlchemy and becomes a legacy construct in 2.0. The method is now available as Session.get() (deprecated since: 2.0) (Background on SQLAlchemy 2.0 at: https://sqlalche.me/e/b8d9)
    event = Event.query.get(event_id)

-- Docs: https://docs.pytest.org/en/stable/how-to/capture-warnings.html
================================ tests coverage ================================
_______________ coverage: platform linux, python 3.9.25-final-0 ________________

Name                                                              Stmts   Miss  Cover   Missing
-----------------------------------------------------------------------------------------------
invenio_webhooks/__init__.py                                          5      0   100%
invenio_webhooks/_compat.py                                           8      2    75%   46-47
invenio_webhooks/alembic/201faeb649c7_change_datetime_types.py       13      6    54%   41-43, 48-50
invenio_webhooks/alembic/469925575192_create_webhooks_branch.py      10      2    80%   38, 43
invenio_webhooks/alembic/a095bd179f5c_create_webhooks_tables.py      16      6    62%   41-70, 80-81
invenio_webhooks/config.py                                            2      0   100%
invenio_webhooks/errors.py                                            4      0   100%
invenio_webhooks/ext.py                                              29      1    97%   56
invenio_webhooks/models.py                                          120      9    92%   196-197, 270-271, 276-277, 283-285
invenio_webhooks/proxies.py                                           3      0   100%
invenio_webhooks/signatures.py                                       12      0   100%
invenio_webhooks/views.py                                            88      7    92%   114, 141-145, 169
-----------------------------------------------------------------------------------------------
TOTAL                                                               310     33    89%
================== 17 passed, 1 skipped, 6 warnings in 5.02s ===================
 Container docker_services_cli-redis-1  Stopping
 Container docker_services_cli-postgresql-1  Stopping
 Container docker_services_cli-postgresql-1  Stopped
 Container docker_services_cli-postgresql-1  Removing
 Container docker_services_cli-postgresql-1  Removed
 Container docker_services_cli-redis-1  Stopped
 Container docker_services_cli-redis-1  Removing
 Container docker_services_cli-redis-1  Removed
 Network docker_services_cli_default  Removing
 Network docker_services_cli_default  Removed
