 opensearch Pulling 
 postgresql Pulling 
 opensearch Pulled 
 postgresql Pulled 
 Network docker_services_cli_default  Creating
 Network docker_services_cli_default  Created
 Container docker_services_cli-postgresql-1  Creating
 Container docker_services_cli-opensearch-1  Creating
 Container docker_services_cli-postgresql-1  Created
 Container docker_services_cli-opensearch-1  Created
 Container docker_services_cli-postgresql-1  Starting
 Container docker_services_cli-opensearch-1  Starting
 Container docker_services_cli-postgresql-1  Started
 Container docker_services_cli-opensearch-1  Started
============================= test session starts ==============================
platform linux -- Python 3.9.25, pytest-8.4.2, pluggy-1.6.0
rootdir: /home/runner/work/cds-rdm/cds-rdm/workdir/tests/invenio-search/original
configfile: setup.cfg
testpaths: docs, tests, invenio_search
plugins: isort-4.0.0, flask-1.3.0, black-ng-0.4.1, invenio-3.4.2, github-actions-annotate-failures-0.3.0, pydocstyle-2.4.0, cov-7.0.0, pycodestyle-2.5.0
collected 54 items
tests/test_cli.py ....                                                   [  7%]
tests/test_invenio_search.py ..............................              [ 62%]
tests/test_query.py ...............                                      [ 90%]
tests/test_utils.py .....                                                [100%]
================================ tests coverage ================================
_______________ coverage: platform linux, python 3.9.25-final-0 ________________
Name                         Stmts   Miss  Cover   Missing
invenio_search/__init__.py       5      0   100%
invenio_search/api.py          129      8    94%   50, 54, 58, 62, 106, 114, 250, 258
invenio_search/cli.py          122      5    96%   40, 116-122, 180-181
invenio_search/config.py         7      0   100%
invenio_search/engine.py        33     16    52%   26-28, 34-37, 48, 65-71, 76, 81, 86-87
invenio_search/errors.py         2      0   100%
invenio_search/ext.py          275     13    95%   119, 127-136, 225, 344, 373, 443-444, 460, 532, 536, 546
invenio_search/proxies.py        8      0   100%
invenio_search/utils.py         23      0   100%
TOTAL                          604     42    93%
============================== 54 passed in 5.11s ==============================
 Container docker_services_cli-opensearch-1  Stopping
 Container docker_services_cli-postgresql-1  Stopping
 Container docker_services_cli-postgresql-1  Stopped
 Container docker_services_cli-postgresql-1  Removing
 Container docker_services_cli-postgresql-1  Removed
 Container docker_services_cli-opensearch-1  Stopped
 Container docker_services_cli-opensearch-1  Removing
 Container docker_services_cli-opensearch-1  Removed
 Network docker_services_cli_default  Removing
 Network docker_services_cli_default  Removed
