 redis Pulling 
 postgresql Pulling 
 rabbitmq Pulling 
 opensearch Pulling 
 redis Pulled 
 rabbitmq Pulled 
 postgresql Pulled 
 opensearch Pulled 
 Network docker_services_cli_default  Creating
 Network docker_services_cli_default  Created
 Container docker_services_cli-opensearch-1  Creating
 Container docker_services_cli-rabbitmq-1  Creating
 Container docker_services_cli-redis-1  Creating
 Container docker_services_cli-postgresql-1  Creating
 Container docker_services_cli-redis-1  Created
 Container docker_services_cli-opensearch-1  Created
 Container docker_services_cli-postgresql-1  Created
 Container docker_services_cli-rabbitmq-1  Created
 Container docker_services_cli-rabbitmq-1  Starting
 Container docker_services_cli-opensearch-1  Starting
 Container docker_services_cli-postgresql-1  Starting
 Container docker_services_cli-redis-1  Starting
 Container docker_services_cli-redis-1  Started
 Container docker_services_cli-rabbitmq-1  Started
 Container docker_services_cli-postgresql-1  Started
 Container docker_services_cli-opensearch-1  Started
============================= test session starts ==============================
platform linux -- Python 3.9.25, pytest-8.4.2, pluggy-1.6.0
rootdir: /home/runner/work/cds-rdm/cds-rdm/workdir/tests/invenio-stats/original
configfile: setup.cfg
testpaths: tests, invenio_stats
plugins: isort-4.0.0, flask-1.3.0, invenio-3.4.2, github-actions-annotate-failures-0.3.0, pydocstyle-2.4.0, cov-7.0.0, black-0.6.0, pycodestyle-2.5.0
collected 58 items
tests/contrib/test_event_builders.py 
                                [  6%]
tests/test_aggregations.py 
                                     [ 22%]
tests/test_cli.py 
                                                   [ 29%]
tests/test_events.py 
                                                  [ 32%]
tests/test_invenio_stats.py 
                                          [ 37%]
tests/test_prefixing.py 
                                                [ 39%]
tests/test_processors.py 
                            [ 74%]
tests/test_queries.py 
                                             [ 84%]
tests/test_receivers.py 
                                               [ 87%]
tests/test_tasks.py 
                                                    [ 89%]
tests/test_utils.py 
                                                   [ 93%]
tests/test_views.py 
                                                 [100%]
=============================== warnings summary ===============================
tests/contrib/test_event_builders.py::test_record_view_event_builder
tests/contrib/test_event_builders.py::test_record_view_event_builder_aware_datetime
  /home/runner/work/cds-rdm/cds-rdm/workdir/tests/invenio-stats/original/.venv/lib/python3.9/site-packages/invenio_records/api.py:358: SAWarning: nested transaction already deassociated from connection
    db.session.add(record.model)
    self.init_app(app)
================================ tests coverage ================================
_______________ coverage: platform linux, python 3.9.25-final-0 ________________
Name                                                                      Stmts   Miss  Cover   Missing
invenio_stats/__init__.py                                                     4      0   100%
invenio_stats/aggregations.py                                               131      2    98%   143, 285
invenio_stats/bookmark.py                                                    53      5    91%   103-105, 129, 131, 133
invenio_stats/cli.py                                                         88      0   100%
invenio_stats/config.py                                                      11      0   100%
invenio_stats/contrib/__init__.py                                             0      0   100%
invenio_stats/contrib/aggregations/__init__.py                                0      0   100%
invenio_stats/contrib/aggregations/aggr_file_download/__init__.py             0      0   100%
invenio_stats/contrib/aggregations/aggr_file_download/os-v1/__init__.py       0      0   100%
invenio_stats/contrib/aggregations/aggr_file_download/os-v2/__init__.py       0      0   100%
invenio_stats/contrib/aggregations/aggr_file_download/v7/__init__.py          0      0   100%
invenio_stats/contrib/aggregations/aggr_record_view/__init__.py               0      0   100%
invenio_stats/contrib/aggregations/aggr_record_view/os-v1/__init__.py         0      0   100%
invenio_stats/contrib/aggregations/aggr_record_view/os-v2/__init__.py         0      0   100%
invenio_stats/contrib/aggregations/aggr_record_view/v7/__init__.py            0      0   100%
invenio_stats/contrib/config.py                                               7      0   100%
invenio_stats/contrib/event_builders.py                                      18      0   100%
invenio_stats/contrib/file_download/__init__.py                               0      0   100%
invenio_stats/contrib/file_download/os-v1/__init__.py                         0      0   100%
invenio_stats/contrib/file_download/os-v2/__init__.py                         0      0   100%
invenio_stats/contrib/file_download/v7/__init__.py                            0      0   100%
invenio_stats/contrib/record_view/__init__.py                                 0      0   100%
invenio_stats/contrib/record_view/os-v1/__init__.py                           0      0   100%
invenio_stats/contrib/record_view/os-v2/__init__.py                           0      0   100%
invenio_stats/contrib/record_view/v7/__init__.py                              0      0   100%
invenio_stats/errors.py                                                      19      2    89%   61-62
invenio_stats/ext.py                                                         88      7    92%   51-56, 78, 98, 116, 177
invenio_stats/processors.py                                                  83      4    95%   104, 125, 194, 196
invenio_stats/proxies.py                                                      3      0   100%
invenio_stats/queries.py                                                    150     19    87%   41-44, 46, 51, 105, 116, 121, 139, 177, 246, 264, 282, 324-329
invenio_stats/queues.py                                                       3      0   100%
invenio_stats/receivers.py                                                   31      3    90%   36, 55-58
invenio_stats/tasks.py                                                       24      0   100%
invenio_stats/templates.py                                                   14      4    71%   31, 37-39
invenio_stats/utils.py                                                       49      2    96%   38, 133
invenio_stats/views.py                                                       41      6    85%   49, 63, 95-99
TOTAL                                                                       817     54    93%
======================= 58 passed, 13 warnings in 27.73s =======================
 Container docker_services_cli-opensearch-1  Stopping
 Container docker_services_cli-postgresql-1  Stopping
 Container docker_services_cli-redis-1  Stopping
 Container docker_services_cli-rabbitmq-1  Stopping
 Container docker_services_cli-redis-1  Stopped
 Container docker_services_cli-redis-1  Removing
 Container docker_services_cli-postgresql-1  Stopped
 Container docker_services_cli-postgresql-1  Removing
 Container docker_services_cli-redis-1  Removed
 Container docker_services_cli-postgresql-1  Removed
 Container docker_services_cli-opensearch-1  Stopped
 Container docker_services_cli-opensearch-1  Removing
 Container docker_services_cli-opensearch-1  Removed
 Container docker_services_cli-rabbitmq-1  Stopped
 Container docker_services_cli-rabbitmq-1  Removing
 Container docker_services_cli-rabbitmq-1  Removed
 Network docker_services_cli_default  Removing
 Network docker_services_cli_default  Removed
