============================= test session starts ==============================
platform linux -- Python 3.9.25, pytest-8.4.2, pluggy-1.6.0
rootdir: /home/runner/work/cds-rdm/cds-rdm/workdir/tests/invenio-app/original
configfile: setup.cfg
testpaths: tests, invenio_app
plugins: isort-4.0.0, flask-1.3.0, invenio-3.4.2, github-actions-annotate-failures-0.3.0, pydocstyle-2.4.0, cov-7.0.0, black-0.6.0, pycodestyle-2.5.0
collected 27 items
tests/test_app.py 
                                            [ 40%]
tests/test_celery.py .                                                   [ 44%]
tests/test_cli.py 
                                                      [ 48%]
tests/test_factory.py 
                                                [ 59%]
tests/test_helpers.py 
                                                [ 70%]
tests/test_limiter.py 
                                                [ 81%]
tests/test_templating.py 
                                            [ 96%]
tests/test_wsgi.py .                                                     [100%]
=============================== warnings summary ===============================
    warnings.warn(
tests/test_cli.py::test_basic_cli
tests/test_cli.py::test_basic_cli
tests/test_factory.py::test_config_loader
tests/test_factory.py::test_trusted_hosts
tests/test_templating.py::test_notheme
tests/test_templating.py::test_theme
tests/test_templating.py::test_theme_with_instance_templates
tests/test_templating.py::test_list_templaes
    warnings.warn(
================================ tests coverage ================================
_______________ coverage: platform linux, python 3.9.25-final-0 ________________
Name                       Stmts   Miss  Cover   Missing
invenio_app/__init__.py        3      0   100%
invenio_app/celery.py          4      0   100%
invenio_app/cli.py             3      0   100%
invenio_app/config.py         16      0   100%
invenio_app/ext.py            62      3    95%   97, 115-116
invenio_app/factory.py        32      2    94%   62-63
invenio_app/helpers.py        55     10    82%   30, 73, 82-87, 111, 113
invenio_app/limiter.py        14      0   100%
invenio_app/wsgi.py            3      0   100%
invenio_app/wsgi_rest.py       2      0   100%
invenio_app/wsgi_ui.py         2      0   100%
TOTAL                        196     15    92%
======================= 27 passed, 19 warnings in 1.82s ========================
