 opensearch Pulling 
 redis Pulling 
 rabbitmq Pulling 
 postgresql Pulling 
 f9dd052e142d Pulling fs layer 
 e8c6d4883897 Pulling fs layer 
 648eb81b3252 Pulling fs layer 
 eb77aa907276 Pulling fs layer 
 4f4fb700ef54 Pulling fs layer 
 0ffa8f8aba1e Pulling fs layer 
 2e81b9cb93cd Pulling fs layer 
 0ffa8f8aba1e Waiting 
 2e81b9cb93cd Waiting 
 eb77aa907276 Waiting 
 4f4fb700ef54 Waiting 
 b0a0cf830b12 Pulling fs layer 
 dda3d8fbd5ed Pulling fs layer 
 283a477db7bb Pulling fs layer 
 91d2729fa4d5 Pulling fs layer 
 9739ced65621 Pulling fs layer 
 ae3bb1b347a4 Pulling fs layer 
 f8406d9c00ea Pulling fs layer 
 c199bff16b05 Pulling fs layer 
 dda3d8fbd5ed Waiting 
 e0d55fdb4d15 Pulling fs layer 
 283a477db7bb Waiting 
 c1cb13b19080 Pulling fs layer 
 91d2729fa4d5 Waiting 
 873532e5f8c7 Pulling fs layer 
 9739ced65621 Waiting 
 050d9f8c3b1c Pulling fs layer 
 ae3bb1b347a4 Waiting 
 710e142705f8 Pulling fs layer 
 cb628c265f09 Pulling fs layer 
 f8406d9c00ea Waiting 
 c1cb13b19080 Waiting 
 c199bff16b05 Waiting 
 873532e5f8c7 Waiting 
 e0d55fdb4d15 Waiting 
 050d9f8c3b1c Waiting 
 710e142705f8 Waiting 
 cb628c265f09 Waiting 
 b0a0cf830b12 Waiting 
 648eb81b3252 Downloading [=============>                                     ]     407B/1.561kB
 648eb81b3252 Downloading [==================================================>]  1.561kB/1.561kB
 648eb81b3252 Download complete 
 f9dd052e142d Downloading [>                                                  ]  531.8kB/52.33MB
 e8c6d4883897 Downloading [>                                                  ]  44.04kB/4.398MB
 e8c6d4883897 Verifying Checksum 
 e8c6d4883897 Download complete 
 84a2afebaf4d Pulling fs layer 
 68bef8a2321a Pulling fs layer 
 dc35057c3d27 Pulling fs layer 
 762d5b1c0ef7 Pulling fs layer 
 1196a886e941 Pulling fs layer 
 96afa962f1ac Pulling fs layer 
 4f4fb700ef54 Pulling fs layer 
 6475cc3afbe1 Pulling fs layer 
 84a2afebaf4d Waiting 
 68bef8a2321a Waiting 
 dc35057c3d27 Waiting 
 762d5b1c0ef7 Waiting 
 96afa962f1ac Waiting 
 1196a886e941 Waiting 
 4f4fb700ef54 Waiting 
 6475cc3afbe1 Waiting 
 f9dd052e142d Downloading [===================================>               ]  37.49MB/52.33MB
 4f4fb700ef54 Downloading [==================================================>]      32B/32B
 4f4fb700ef54 Verifying Checksum 
 4f4fb700ef54 Download complete 
 f9dd052e142d Download complete 
 f9dd052e142d Extracting [>                                                  ]  524.3kB/52.33MB
 2e81b9cb93cd Downloading [==========>                                        ]     395B/1.859kB
 2e81b9cb93cd Downloading [==================================================>]  1.859kB/1.859kB
 2e81b9cb93cd Verifying Checksum 
 2e81b9cb93cd Download complete 
 f9dd052e142d Extracting [====>                                              ]  4.194MB/52.33MB
 b0a0cf830b12 Downloading [>                                                  ]  297.9kB/29.15MB
 f9dd052e142d Extracting [=====>                                             ]  5.243MB/52.33MB
 0ffa8f8aba1e Downloading [==================================================>]     226B/226B
 0ffa8f8aba1e Verifying Checksum 
 0ffa8f8aba1e Download complete 
 b0a0cf830b12 Download complete 
 b0a0cf830b12 Extracting [>                                                  ]  294.9kB/29.15MB
 f9dd052e142d Extracting [===========>                                       ]  12.06MB/52.33MB
 283a477db7bb Downloading [>                                                  ]   45.4kB/4.533MB
 b0a0cf830b12 Extracting [==========>                                        ]  5.898MB/29.15MB
 283a477db7bb Verifying Checksum 
 283a477db7bb Download complete 
 f9dd052e142d Extracting [==================>                                ]   19.4MB/52.33MB
 20043066d3d5 Pulling fs layer 
 3fadc669ef11 Pulling fs layer 
 7084ac8f4ab6 Pulling fs layer 
 beb0d870d438 Pulling fs layer 
 d63c4408fdb7 Pulling fs layer 
 efa05c660812 Pulling fs layer 
 f4e7f62f4b80 Pulling fs layer 
 5e1c03b67a78 Pulling fs layer 
 14e6209d5fa8 Pulling fs layer 
 d686b50ce172 Pulling fs layer 
 20043066d3d5 Waiting 
 3fadc669ef11 Waiting 
 7084ac8f4ab6 Waiting 
 beb0d870d438 Waiting 
 d63c4408fdb7 Waiting 
 efa05c660812 Waiting 
 f4e7f62f4b80 Waiting 
 5e1c03b67a78 Waiting 
 d686b50ce172 Waiting 
 14e6209d5fa8 Waiting 
 b0a0cf830b12 Extracting [================>                                  ]  9.732MB/29.15MB
 91d2729fa4d5 Downloading [>                                                  ]  15.42kB/1.45MB
 91d2729fa4d5 Verifying Checksum 
 91d2729fa4d5 Download complete 
 f9dd052e142d Extracting [=========================>                         ]  26.74MB/52.33MB
 b0a0cf830b12 Extracting [=========================>                         ]  14.75MB/29.15MB
 9739ced65621 Downloading [>                                                  ]  84.55kB/8.069MB
 9739ced65621 Verifying Checksum 
 9739ced65621 Download complete 
 f9dd052e142d Extracting [===========================>                       ]  28.84MB/52.33MB
 b0a0cf830b12 Extracting [======================================>            ]  22.71MB/29.15MB
 ae3bb1b347a4 Downloading [>                                                  ]  12.68kB/1.196MB
 ae3bb1b347a4 Verifying Checksum 
 ae3bb1b347a4 Download complete 
 f9dd052e142d Extracting [=============================>                     ]  30.41MB/52.33MB
 f8406d9c00ea Downloading [==================================================>]     116B/116B
 f8406d9c00ea Verifying Checksum 
 f8406d9c00ea Download complete 
 b0a0cf830b12 Extracting [==========================================>        ]  24.77MB/29.15MB
 f9dd052e142d Extracting [===============================>                   ]  33.03MB/52.33MB
 c199bff16b05 Downloading [======>                                            ]     408B/3.145kB
 c199bff16b05 Downloading [==================================================>]  3.145kB/3.145kB
 c199bff16b05 Verifying Checksum 
 c199bff16b05 Download complete 
 b0a0cf830b12 Extracting [================================================>  ]  28.02MB/29.15MB
 f9dd052e142d Extracting [==================================>                ]  36.18MB/52.33MB
 e0d55fdb4d15 Downloading [>                                                  ]  531.8kB/109MB
 f9dd052e142d Extracting [====================================>              ]  38.27MB/52.33MB
 b0a0cf830b12 Extracting [================================================>  ]  28.31MB/29.15MB
 e0d55fdb4d15 Downloading [=================>                                 ]  37.49MB/109MB
 f9dd052e142d Extracting [=======================================>           ]  41.42MB/52.33MB
 b0a0cf830b12 Extracting [==================================================>]  29.15MB/29.15MB
 e0d55fdb4d15 Downloading [================================>                  ]  71.34MB/109MB
 b0a0cf830b12 Pull complete 
 f9dd052e142d Extracting [===========================================>       ]  45.09MB/52.33MB
 e0d55fdb4d15 Downloading [=========================================>         ]  90.62MB/109MB
 e0d55fdb4d15 Verifying Checksum 
 e0d55fdb4d15 Download complete 
 f9dd052e142d Extracting [==============================================>    ]  48.76MB/52.33MB
 c1cb13b19080 Downloading [=>                                                 ]     375B/9.925kB
 c1cb13b19080 Verifying Checksum 
 c1cb13b19080 Download complete 
 873532e5f8c7 Downloading [==================================================>]     128B/128B
 873532e5f8c7 Verifying Checksum 
 873532e5f8c7 Download complete 
 f9dd052e142d Extracting [=================================================> ]  51.38MB/52.33MB
 f9dd052e142d Extracting [==================================================>]  52.33MB/52.33MB
 050d9f8c3b1c Downloading [==================================================>]     169B/169B
 050d9f8c3b1c Verifying Checksum 
 050d9f8c3b1c Download complete 
 f9dd052e142d Pull complete 
 e8c6d4883897 Extracting [>                                                  ]  65.54kB/4.398MB
 710e142705f8 Downloading [===>                                               ]     407B/5.421kB
 710e142705f8 Downloading [==================================================>]  5.421kB/5.421kB
 710e142705f8 Verifying Checksum 
 710e142705f8 Download complete 
 e8c6d4883897 Extracting [====================================>              ]  3.211MB/4.398MB
 e8c6d4883897 Extracting [==================================================>]  4.398MB/4.398MB
 cb628c265f09 Download complete 
 84a2afebaf4d Downloading [>                                                  ]    298kB/28.24MB
 84a2afebaf4d Verifying Checksum 
 84a2afebaf4d Download complete 
 84a2afebaf4d Extracting [>                                                  ]  294.9kB/28.24MB
 84a2afebaf4d Extracting [============>                                      ]  7.078MB/28.24MB
 84a2afebaf4d Extracting [===================>                               ]  11.21MB/28.24MB
 84a2afebaf4d Extracting [==================================>                ]  19.76MB/28.24MB
 84a2afebaf4d Extracting [==========================================>        ]  23.89MB/28.24MB
 84a2afebaf4d Extracting [================================================>  ]  27.13MB/28.24MB
 84a2afebaf4d Extracting [================================================>  ]  27.43MB/28.24MB
 84a2afebaf4d Extracting [==================================================>]  28.24MB/28.24MB
 84a2afebaf4d Pull complete 
 e8c6d4883897 Pull complete 
 648eb81b3252 Extracting [==================================================>]  1.561kB/1.561kB
 648eb81b3252 Extracting [==================================================>]  1.561kB/1.561kB
 648eb81b3252 Pull complete 
 dda3d8fbd5ed Downloading [=================>                                 ]     408B/1.165kB
 dda3d8fbd5ed Downloading [==================================================>]  1.165kB/1.165kB
 dda3d8fbd5ed Download complete 
 dda3d8fbd5ed Extracting [==================================================>]  1.165kB/1.165kB
 dda3d8fbd5ed Extracting [==================================================>]  1.165kB/1.165kB
 dda3d8fbd5ed Pull complete 
 283a477db7bb Extracting [>                                                  ]  65.54kB/4.533MB
 283a477db7bb Extracting [==================================================>]  4.533MB/4.533MB
 dc35057c3d27 Downloading [=======================>                           ]     409B/875B
 dc35057c3d27 Downloading [==================================================>]     875B/875B
 dc35057c3d27 Download complete 
 283a477db7bb Pull complete 
 91d2729fa4d5 Extracting [=>                                                 ]  32.77kB/1.45MB
 91d2729fa4d5 Extracting [==================================================>]   1.45MB/1.45MB
 91d2729fa4d5 Pull complete 
 9739ced65621 Extracting [>                                                  ]   98.3kB/8.069MB
 762d5b1c0ef7 Downloading [>                                                  ]  15.46kB/1.438MB
 762d5b1c0ef7 Verifying Checksum 
 762d5b1c0ef7 Download complete 
 9739ced65621 Extracting [=============================>                     ]  4.719MB/8.069MB
 1196a886e941 Downloading [>                                                  ]  155.8kB/15.35MB
 9739ced65621 Extracting [==================================================>]  8.069MB/8.069MB
 1196a886e941 Verifying Checksum 
 1196a886e941 Download complete 
 9739ced65621 Pull complete 
 ae3bb1b347a4 Extracting [=>                                                 ]  32.77kB/1.196MB
 ae3bb1b347a4 Extracting [==================================================>]  1.196MB/1.196MB
 ae3bb1b347a4 Extracting [==================================================>]  1.196MB/1.196MB
 ae3bb1b347a4 Pull complete 
 f8406d9c00ea Extracting [==================================================>]     116B/116B
 f8406d9c00ea Extracting [==================================================>]     116B/116B
 f8406d9c00ea Pull complete 
 c199bff16b05 Extracting [==================================================>]  3.145kB/3.145kB
 c199bff16b05 Extracting [==================================================>]  3.145kB/3.145kB
 c199bff16b05 Pull complete 
 96afa962f1ac Downloading [==================================================>]      96B/96B
 96afa962f1ac Verifying Checksum 
 96afa962f1ac Download complete 
 e0d55fdb4d15 Extracting [>                                                  ]  557.1kB/109MB
 4f4fb700ef54 Downloading [==================================================>]      32B/32B
 4f4fb700ef54 Verifying Checksum 
 4f4fb700ef54 Download complete 
 e0d55fdb4d15 Extracting [===>                                               ]  7.799MB/109MB
 6475cc3afbe1 Downloading [===================================>               ]     409B/573B
 6475cc3afbe1 Downloading [==================================================>]     573B/573B
 6475cc3afbe1 Verifying Checksum 
 6475cc3afbe1 Download complete 
 e0d55fdb4d15 Extracting [======>                                            ]  13.37MB/109MB
 20043066d3d5 Downloading [>                                                  ]  297.9kB/29.72MB
 e0d55fdb4d15 Extracting [=========>                                         ]  20.05MB/109MB
 20043066d3d5 Downloading [==================================>                ]  20.58MB/29.72MB
 e0d55fdb4d15 Extracting [============>                                      ]  26.74MB/109MB
 20043066d3d5 Verifying Checksum 
 20043066d3d5 Download complete 
 20043066d3d5 Extracting [>                                                  ]  327.7kB/29.72MB
 e0d55fdb4d15 Extracting [================>                                  ]  35.09MB/109MB
 20043066d3d5 Extracting [=========>                                         ]  5.898MB/29.72MB
 e0d55fdb4d15 Extracting [===================>                               ]  42.89MB/109MB
 20043066d3d5 Extracting [===============>                                   ]  9.503MB/29.72MB
 3fadc669ef11 Downloading [>                                                  ]  445.4kB/43.48MB
 e0d55fdb4d15 Extracting [=======================>                           ]  51.25MB/109MB
 20043066d3d5 Extracting [=========================>                         ]   15.4MB/29.72MB
 3fadc669ef11 Downloading [=======================================>           ]  34.54MB/43.48MB
 e0d55fdb4d15 Extracting [========================>                          ]  54.03MB/109MB
 3fadc669ef11 Download complete 
 20043066d3d5 Extracting [====================================>              ]  21.63MB/29.72MB
 e0d55fdb4d15 Extracting [===========================>                       ]  59.05MB/109MB
 7084ac8f4ab6 Downloading [>                                                  ]  76.19kB/7.468MB
 7084ac8f4ab6 Verifying Checksum 
 7084ac8f4ab6 Download complete 
 e0d55fdb4d15 Extracting [==============================>                    ]   67.4MB/109MB
 20043066d3d5 Extracting [==========================================>        ]  25.56MB/29.72MB
 beb0d870d438 Downloading [==>                                                ]     407B/9.462kB
 beb0d870d438 Downloading [==================================================>]  9.462kB/9.462kB
 beb0d870d438 Verifying Checksum 
 beb0d870d438 Download complete 
 e0d55fdb4d15 Extracting [==================================>                ]  75.76MB/109MB
 20043066d3d5 Extracting [===============================================>   ]  28.18MB/29.72MB
 d63c4408fdb7 Downloading [>                                                  ]    215kB/21.31MB
 e0d55fdb4d15 Extracting [======================================>            ]  83.56MB/109MB
 d63c4408fdb7 Verifying Checksum 
 d63c4408fdb7 Download complete 
 20043066d3d5 Extracting [=================================================> ]  29.49MB/29.72MB
 20043066d3d5 Extracting [==================================================>]  29.72MB/29.72MB
 e0d55fdb4d15 Extracting [=========================================>         ]  91.36MB/109MB
 20043066d3d5 Pull complete 
 3fadc669ef11 Extracting [>                                                  ]  458.8kB/43.48MB
 e0d55fdb4d15 Extracting [===========================================>       ]  94.14MB/109MB
 efa05c660812 Downloading [==================================================>]     189B/189B
 efa05c660812 Verifying Checksum 
 efa05c660812 Download complete 
 3fadc669ef11 Extracting [=========>                                         ]  8.258MB/43.48MB
 e0d55fdb4d15 Extracting [============================================>      ]  97.48MB/109MB
 f4e7f62f4b80 Downloading [==================================================>]     109B/109B
 f4e7f62f4b80 Verifying Checksum 
 f4e7f62f4b80 Download complete 
 3fadc669ef11 Extracting [==================>                                ]  16.06MB/43.48MB
 e0d55fdb4d15 Extracting [==============================================>    ]  101.4MB/109MB
 5e1c03b67a78 Downloading [===============================>                   ]     389B/620B
 5e1c03b67a78 Verifying Checksum 
 5e1c03b67a78 Download complete 
 3fadc669ef11 Extracting [============================>                      ]  24.77MB/43.48MB
 e0d55fdb4d15 Extracting [===============================================>   ]  103.6MB/109MB
 3fadc669ef11 Extracting [=====================================>             ]  32.57MB/43.48MB
 e0d55fdb4d15 Extracting [================================================>  ]  105.3MB/109MB
 3fadc669ef11 Extracting [================================================>  ]  42.21MB/43.48MB
 3fadc669ef11 Extracting [==================================================>]  43.48MB/43.48MB
 3fadc669ef11 Pull complete 
 7084ac8f4ab6 Extracting [>                                                  ]   98.3kB/7.468MB
 7084ac8f4ab6 Extracting [======>                                            ]    983kB/7.468MB
 7084ac8f4ab6 Extracting [==================================================>]  7.468MB/7.468MB
 7084ac8f4ab6 Extracting [==================================================>]  7.468MB/7.468MB
 e0d55fdb4d15 Extracting [=================================================> ]  107.5MB/109MB
 e0d55fdb4d15 Extracting [=================================================> ]  108.6MB/109MB
 e0d55fdb4d15 Extracting [==================================================>]    109MB/109MB
 7084ac8f4ab6 Pull complete 
 e0d55fdb4d15 Pull complete 
 beb0d870d438 Extracting [==================================================>]  9.462kB/9.462kB
 beb0d870d438 Extracting [==================================================>]  9.462kB/9.462kB
 c1cb13b19080 Extracting [==================================================>]  9.925kB/9.925kB
 c1cb13b19080 Extracting [==================================================>]  9.925kB/9.925kB
 c1cb13b19080 Pull complete 
 873532e5f8c7 Extracting [==================================================>]     128B/128B
 873532e5f8c7 Extracting [==================================================>]     128B/128B
 beb0d870d438 Pull complete 
 873532e5f8c7 Pull complete 
 050d9f8c3b1c Extracting [==================================================>]     169B/169B
 050d9f8c3b1c Extracting [==================================================>]     169B/169B
 050d9f8c3b1c Pull complete 
 710e142705f8 Extracting [==================================================>]  5.421kB/5.421kB
 710e142705f8 Extracting [==================================================>]  5.421kB/5.421kB
 710e142705f8 Pull complete 
 cb628c265f09 Extracting [==================================================>]     184B/184B
 cb628c265f09 Extracting [==================================================>]     184B/184B
 d63c4408fdb7 Extracting [>                                                  ]  229.4kB/21.31MB
 cb628c265f09 Pull complete 
 postgresql Pulled 
 d63c4408fdb7 Extracting [==================>                                ]  7.799MB/21.31MB
 d63c4408fdb7 Extracting [===============================>                   ]  13.53MB/21.31MB
 d63c4408fdb7 Extracting [=======================================>           ]  16.97MB/21.31MB
 d63c4408fdb7 Extracting [================================================>  ]  20.87MB/21.31MB
 d63c4408fdb7 Extracting [==================================================>]  21.31MB/21.31MB
 d63c4408fdb7 Pull complete 
 efa05c660812 Extracting [==================================================>]     189B/189B
 efa05c660812 Extracting [==================================================>]     189B/189B
 efa05c660812 Pull complete 
 f4e7f62f4b80 Extracting [==================================================>]     109B/109B
 f4e7f62f4b80 Extracting [==================================================>]     109B/109B
 f4e7f62f4b80 Pull complete 
 5e1c03b67a78 Extracting [==================================================>]     620B/620B
 5e1c03b67a78 Extracting [==================================================>]     620B/620B
 5e1c03b67a78 Pull complete 
 eb77aa907276 Downloading [>                                                  ]  531.8kB/907.7MB
 eb77aa907276 Downloading [==>                                                ]  43.58MB/907.7MB
 eb77aa907276 Downloading [====>                                              ]   77.5MB/907.7MB
 eb77aa907276 Downloading [=====>                                             ]  102.3MB/907.7MB
 eb77aa907276 Downloading [=======>                                           ]  131.7MB/907.7MB
 eb77aa907276 Downloading [========>                                          ]  161.2MB/907.7MB
 eb77aa907276 Downloading [==========>                                        ]  184.7MB/907.7MB
 eb77aa907276 Downloading [===========>                                       ]  216.8MB/907.7MB
 eb77aa907276 Downloading [=============>                                     ]  244.1MB/907.7MB
 eb77aa907276 Downloading [==============>                                    ]  268.2MB/907.7MB
 eb77aa907276 Downloading [================>                                  ]  290.7MB/907.7MB
 eb77aa907276 Downloading [=================>                                 ]  314.3MB/907.7MB
 eb77aa907276 Downloading [=================>                                 ]  319.6MB/907.7MB
 eb77aa907276 Downloading [=================>                                 ]  326.6MB/907.7MB
 eb77aa907276 Downloading [==================>                                ]  334.7MB/907.7MB
 eb77aa907276 Downloading [===================>                               ]    347MB/907.7MB
 eb77aa907276 Downloading [===================>                               ]  355.6MB/907.7MB
 eb77aa907276 Downloading [====================>                              ]  363.7MB/907.7MB
 eb77aa907276 Downloading [====================>                              ]  378.7MB/907.7MB
 eb77aa907276 Downloading [=====================>                             ]  390.5MB/907.7MB
 eb77aa907276 Downloading [======================>                            ]    406MB/907.7MB
 eb77aa907276 Downloading [=======================>                           ]  420.6MB/907.7MB
 eb77aa907276 Downloading [========================>                          ]  436.1MB/907.7MB
 eb77aa907276 Downloading [========================>                          ]  450.6MB/907.7MB
 eb77aa907276 Downloading [=========================>                         ]    464MB/907.7MB
 eb77aa907276 Downloading [==========================>                        ]  479.6MB/907.7MB
 eb77aa907276 Downloading [==========================>                        ]  486.6MB/907.7MB
 eb77aa907276 Downloading [===========================>                       ]  496.3MB/907.7MB
 eb77aa907276 Downloading [===========================>                       ]    507MB/907.7MB
 eb77aa907276 Downloading [============================>                      ]  516.1MB/907.7MB
 eb77aa907276 Downloading [============================>                      ]  524.2MB/907.7MB
 eb77aa907276 Downloading [=============================>                     ]  532.3MB/907.7MB
 eb77aa907276 Downloading [=============================>                     ]  539.8MB/907.7MB
 eb77aa907276 Downloading [==============================>                    ]  550.6MB/907.7MB
 eb77aa907276 Downloading [==============================>                    ]  560.2MB/907.7MB
 eb77aa907276 Downloading [===============================>                   ]  567.2MB/907.7MB
 eb77aa907276 Downloading [===============================>                   ]  574.1MB/907.7MB
 eb77aa907276 Downloading [================================>                  ]  581.1MB/907.7MB
 eb77aa907276 Downloading [================================>                  ]  589.7MB/907.7MB
 eb77aa907276 Downloading [=================================>                 ]  604.1MB/907.7MB
 eb77aa907276 Downloading [==================================>                ]  619.2MB/907.7MB
 eb77aa907276 Downloading [==================================>                ]  633.6MB/907.7MB
 eb77aa907276 Downloading [===================================>               ]  643.3MB/907.7MB
 eb77aa907276 Downloading [====================================>              ]  658.8MB/907.7MB
 eb77aa907276 Downloading [=====================================>             ]  671.7MB/907.7MB
 eb77aa907276 Downloading [=====================================>             ]  686.2MB/907.7MB
 eb77aa907276 Downloading [======================================>            ]  700.7MB/907.7MB
 eb77aa907276 Downloading [=======================================>           ]  714.6MB/907.7MB
 eb77aa907276 Downloading [========================================>          ]  729.6MB/907.7MB
 eb77aa907276 Downloading [=========================================>         ]  745.7MB/907.7MB
 eb77aa907276 Downloading [=========================================>         ]  760.2MB/907.7MB
 eb77aa907276 Downloading [==========================================>        ]  775.2MB/907.7MB
 eb77aa907276 Downloading [===========================================>       ]  787.1MB/907.7MB
 eb77aa907276 Downloading [============================================>      ]  800.5MB/907.7MB
 eb77aa907276 Downloading [============================================>      ]  814.9MB/907.7MB
 eb77aa907276 Downloading [=============================================>     ]  822.5MB/907.7MB
 eb77aa907276 Downloading [==============================================>    ]  835.4MB/907.7MB
 eb77aa907276 Downloading [==============================================>    ]  849.8MB/907.7MB
 eb77aa907276 Downloading [===============================================>   ]  864.4MB/907.7MB
 eb77aa907276 Downloading [================================================>  ]  878.9MB/907.7MB
 eb77aa907276 Downloading [=================================================> ]  896.1MB/907.7MB
 eb77aa907276 Verifying Checksum 
 eb77aa907276 Download complete 
 eb77aa907276 Extracting [>                                                  ]  557.1kB/907.7MB
 d686b50ce172 Downloading [>                                                  ]  126.9kB/12.47MB
 eb77aa907276 Extracting [=>                                                 ]  25.62MB/907.7MB
 d686b50ce172 Verifying Checksum 
 d686b50ce172 Download complete 
 eb77aa907276 Extracting [==>                                                ]  50.14MB/907.7MB
 eb77aa907276 Extracting [====>                                              ]  76.32MB/907.7MB
 eb77aa907276 Extracting [====>                                              ]  89.69MB/907.7MB
 eb77aa907276 Extracting [=====>                                             ]   98.6MB/907.7MB
 eb77aa907276 Extracting [=====>                                             ]  107.5MB/907.7MB
 eb77aa907276 Extracting [======>                                            ]    117MB/907.7MB
 eb77aa907276 Extracting [======>                                            ]  125.9MB/907.7MB
 eb77aa907276 Extracting [=======>                                           ]  134.8MB/907.7MB
 eb77aa907276 Extracting [=======>                                           ]  142.6MB/907.7MB
 eb77aa907276 Extracting [========>                                          ]    151MB/907.7MB
 eb77aa907276 Extracting [========>                                          ]  159.3MB/907.7MB
 eb77aa907276 Extracting [==========>                                        ]  183.3MB/907.7MB
 eb77aa907276 Extracting [===========>                                       ]  207.2MB/907.7MB
 eb77aa907276 Extracting [============>                                      ]  218.4MB/907.7MB
 eb77aa907276 Extracting [============>                                      ]  229.5MB/907.7MB
 eb77aa907276 Extracting [=============>                                     ]    239MB/907.7MB
 eb77aa907276 Extracting [==============>                                    ]  254.6MB/907.7MB
 eb77aa907276 Extracting [===============>                                   ]  276.9MB/907.7MB
 eb77aa907276 Extracting [================>                                  ]  303.6MB/907.7MB
 eb77aa907276 Extracting [=================>                                 ]  326.4MB/907.7MB
 eb77aa907276 Extracting [===================>                               ]  349.3MB/907.7MB
 eb77aa907276 Extracting [====================>                              ]  363.2MB/907.7MB
 eb77aa907276 Extracting [====================>                              ]    371MB/907.7MB
 eb77aa907276 Extracting [=====================>                             ]  386.6MB/907.7MB
 eb77aa907276 Extracting [======================>                            ]    410MB/907.7MB
 eb77aa907276 Extracting [========================>                          ]  440.6MB/907.7MB
 eb77aa907276 Extracting [=========================>                         ]  471.8MB/907.7MB
 eb77aa907276 Extracting [===========================>                       ]  502.5MB/907.7MB
 eb77aa907276 Extracting [=============================>                     ]  533.1MB/907.7MB
 eb77aa907276 Extracting [==============================>                    ]  562.6MB/907.7MB
 eb77aa907276 Extracting [================================>                  ]  590.5MB/907.7MB
 eb77aa907276 Extracting [==================================>                ]  619.4MB/907.7MB
 eb77aa907276 Extracting [===================================>               ]  650.1MB/907.7MB
 eb77aa907276 Extracting [=====================================>             ]  680.7MB/907.7MB
 eb77aa907276 Extracting [=======================================>           ]  710.8MB/907.7MB
 eb77aa907276 Extracting [========================================>          ]  738.7MB/907.7MB
 eb77aa907276 Extracting [=========================================>         ]  761.5MB/907.7MB
 eb77aa907276 Extracting [===========================================>       ]  784.3MB/907.7MB
 eb77aa907276 Extracting [============================================>      ]  807.2MB/907.7MB
 eb77aa907276 Extracting [=============================================>     ]    830MB/907.7MB
 eb77aa907276 Extracting [===============================================>   ]  853.4MB/907.7MB
 eb77aa907276 Extracting [================================================>  ]  876.2MB/907.7MB
 eb77aa907276 Extracting [=================================================> ]  900.2MB/907.7MB
 eb77aa907276 Extracting [==================================================>]  907.7MB/907.7MB
 eb77aa907276 Pull complete 
 4f4fb700ef54 Extracting [==================================================>]      32B/32B
 4f4fb700ef54 Extracting [==================================================>]      32B/32B
 4f4fb700ef54 Pull complete 
 0ffa8f8aba1e Extracting [==================================================>]     226B/226B
 0ffa8f8aba1e Extracting [==================================================>]     226B/226B
 0ffa8f8aba1e Pull complete 
 2e81b9cb93cd Extracting [==================================================>]  1.859kB/1.859kB
 2e81b9cb93cd Extracting [==================================================>]  1.859kB/1.859kB
 2e81b9cb93cd Pull complete 
 opensearch Pulled 
 68bef8a2321a Verifying Checksum 
 68bef8a2321a Download complete 
 68bef8a2321a Extracting  1.102kB
 68bef8a2321a Pull complete 
 dc35057c3d27 Extracting [==================================================>]     875B/875B
 dc35057c3d27 Extracting [==================================================>]     875B/875B
 dc35057c3d27 Pull complete 
 762d5b1c0ef7 Extracting [=>                                                 ]  32.77kB/1.438MB
 762d5b1c0ef7 Extracting [==================================================>]  1.438MB/1.438MB
 762d5b1c0ef7 Extracting [==================================================>]  1.438MB/1.438MB
 762d5b1c0ef7 Pull complete 
 1196a886e941 Extracting [>                                                  ]  163.8kB/15.35MB
 1196a886e941 Extracting [============================>                      ]  8.684MB/15.35MB
 1196a886e941 Extracting [==================================================>]  15.35MB/15.35MB
 1196a886e941 Pull complete 
 96afa962f1ac Extracting [==================================================>]      96B/96B
 96afa962f1ac Extracting [==================================================>]      96B/96B
 96afa962f1ac Pull complete 
 4f4fb700ef54 Extracting [==================================================>]      32B/32B
 4f4fb700ef54 Extracting [==================================================>]      32B/32B
 4f4fb700ef54 Pull complete 
 6475cc3afbe1 Extracting [==================================================>]     573B/573B
 6475cc3afbe1 Extracting [==================================================>]     573B/573B
 6475cc3afbe1 Pull complete 
 redis Pulled 
 14e6209d5fa8 Verifying Checksum 
 14e6209d5fa8 Download complete 
 14e6209d5fa8 Extracting     833B
 14e6209d5fa8 Pull complete 
 d686b50ce172 Extracting [>                                                  ]  131.1kB/12.47MB
 d686b50ce172 Extracting [======================>                            ]  5.636MB/12.47MB
 d686b50ce172 Extracting [=============================>                     ]   7.34MB/12.47MB
 d686b50ce172 Extracting [===========================================>       ]  10.88MB/12.47MB
 d686b50ce172 Extracting [==================================================>]  12.47MB/12.47MB
 d686b50ce172 Pull complete 
 rabbitmq Pulled 
 Network docker_services_cli_default  Creating
 Network docker_services_cli_default  Created
 Container docker_services_cli-redis-1  Creating
 Container docker_services_cli-postgresql-1  Creating
 Container docker_services_cli-opensearch-1  Creating
 Container docker_services_cli-rabbitmq-1  Creating
 Container docker_services_cli-postgresql-1  Created
 Container docker_services_cli-opensearch-1  Created
 Container docker_services_cli-rabbitmq-1  Created
 Container docker_services_cli-redis-1  Created
 Container docker_services_cli-opensearch-1  Starting
 Container docker_services_cli-postgresql-1  Starting
 Container docker_services_cli-rabbitmq-1  Starting
 Container docker_services_cli-redis-1  Starting
 Container docker_services_cli-postgresql-1  Started
 Container docker_services_cli-redis-1  Started
 Container docker_services_cli-opensearch-1  Started
 Container docker_services_cli-rabbitmq-1  Started
::warning file=/home/runner/work/cds-rdm/cds-rdm/workdir/tests/invenio-files-rest/original/.venv/lib/python3.9/site-packages/webargs/compat.py,line=8::The '__version__' attribute is deprecated and will be removed in in a future version. Use feature detection or 'importlib.metadata.version("marshmallow")' instead.
::warning file=/home/runner/work/cds-rdm/cds-rdm/workdir/tests/invenio-files-rest/original/.venv/lib/python3.9/site-packages/webargs/compat.py,line=8::distutils Version classes are deprecated. Use packaging.version instead.
::warning file=/home/runner/work/cds-rdm/cds-rdm/workdir/tests/invenio-files-rest/original/.venv/lib/python3.9/site-packages/webargs/__init__.py,line=13::distutils Version classes are deprecated. Use packaging.version instead.
============================= test session starts ==============================
platform linux -- Python 3.9.25, pytest-8.4.2, pluggy-1.6.0
rootdir: /home/runner/work/cds-rdm/cds-rdm/workdir/tests/invenio-files-rest/original
configfile: setup.cfg
testpaths: tests, invenio_files_rest
plugins: isort-4.0.0, flask-1.3.0, invenio-3.4.2, github-actions-annotate-failures-0.3.0, pydocstyle-2.4.0, cov-7.0.0, black-0.6.0, pycodestyle-2.5.0
collected 221 items
::warning file=/home/runner/work/cds-rdm/cds-rdm/workdir/tests/invenio-files-rest/original/.venv/lib/python3.9/site-packages/flask_admin/contrib/__init__.py,line=2::pkg_resources is deprecated as an API. See https://setuptools.pypa.io/en/latest/pkg_resources.html. The pkg_resources package is slated for removal as early as 2025-11-30. Refrain from using this package or pin to Setuptools<81.
::warning file=/home/runner/work/cds-rdm/cds-rdm/workdir/tests/invenio-files-rest/original/.venv/lib/python3.9/site-packages/pkg_resources/__init__.py,line=3148::Deprecated call to `pkg_resources.declare_namespace('sphinxcontrib')`.%0AImplementing implicit namespace packages (as specified in PEP 420) is preferred to `pkg_resources.declare_namespace`. See https://setuptools.pypa.io/en/latest/references/keywords.html#keyword-namespace-packages
::warning file=/home/runner/work/cds-rdm/cds-rdm/workdir/tests/invenio-files-rest/original/.venv/lib/python3.9/site-packages/pkg_resources/__init__.py,line=3148::Deprecated call to `pkg_resources.declare_namespace('sphinxcontrib')`.%0AImplementing implicit namespace packages (as specified in PEP 420) is preferred to `pkg_resources.declare_namespace`. See https://setuptools.pypa.io/en/latest/references/keywords.html#keyword-namespace-packages
::warning file=/home/runner/work/cds-rdm/cds-rdm/workdir/tests/invenio-files-rest/original/.venv/lib/python3.9/site-packages/flask_admin/contrib/__init__.py,line=2::Deprecated call to `pkg_resources.declare_namespace('flask_admin.contrib')`.%0AImplementing implicit namespace packages (as specified in PEP 420) is preferred to `pkg_resources.declare_namespace`. See https://setuptools.pypa.io/en/latest/references/keywords.html#keyword-namespace-packages
::warning file=/home/runner/work/cds-rdm/cds-rdm/workdir/tests/invenio-files-rest/original/.venv/lib/python3.9/site-packages/pkg_resources/__init__.py,line=2560::Deprecated call to `pkg_resources.declare_namespace('flask_admin')`.%0AImplementing implicit namespace packages (as specified in PEP 420) is preferred to `pkg_resources.declare_namespace`. See https://setuptools.pypa.io/en/latest/references/keywords.html#keyword-namespace-packages

tests/test_admin.py ..::warning file=/home/runner/work/cds-rdm/cds-rdm/workdir/tests/invenio-files-rest/original/.venv/lib/python3.9/site-packages/invenio_admin/ext.py,line=81::Usage of model and modelview kwargs are deprecated in favor of view_class, args and kwargs.
::warning file=/home/runner/work/cds-rdm/cds-rdm/workdir/tests/invenio-files-rest/original/.venv/lib/python3.9/site-packages/invenio_admin/ext.py,line=81::Usage of model and modelview kwargs are deprecated in favor of view_class, args and kwargs.
::warning file=/home/runner/work/cds-rdm/cds-rdm/workdir/tests/invenio-files-rest/original/.venv/lib/python3.9/site-packages/invenio_admin/ext.py,line=81::Usage of model and modelview kwargs are deprecated in favor of view_class, args and kwargs.
::warning file=/home/runner/work/cds-rdm/cds-rdm/workdir/tests/invenio-files-rest/original/.venv/lib/python3.9/site-packages/invenio_admin/ext.py,line=81::Usage of model and modelview kwargs are deprecated in favor of view_class, args and kwargs.
::warning file=/home/runner/work/cds-rdm/cds-rdm/workdir/tests/invenio-files-rest/original/.venv/lib/python3.9/site-packages/invenio_admin/ext.py,line=81::Usage of model and modelview kwargs are deprecated in favor of view_class, args and kwargs.
::warning file=/home/runner/work/cds-rdm/cds-rdm/workdir/tests/invenio-files-rest/original/.venv/lib/python3.9/site-packages/invenio_admin/ext.py,line=81::Usage of model and modelview kwargs are deprecated in favor of view_class, args and kwargs.
::warning file=/home/runner/work/cds-rdm/cds-rdm/workdir/tests/invenio-files-rest/original/.venv/lib/python3.9/site-packages/invenio_admin/ext.py,line=81::Usage of model and modelview kwargs are deprecated in favor of view_class, args and kwargs.
::warning file=/home/runner/work/cds-rdm/cds-rdm/workdir/tests/invenio-files-rest/original/.venv/lib/python3.9/site-packages/invenio_admin/ext.py,line=81::Usage of model and modelview kwargs are deprecated in favor of view_class, args and kwargs.
::warning file=/home/runner/work/cds-rdm/cds-rdm/workdir/tests/invenio-files-rest/original/.venv/lib/python3.9/site-packages/invenio_admin/ext.py,line=81::Usage of model and modelview kwargs are deprecated in favor of view_class, args and kwargs.
::warning file=/home/runner/work/cds-rdm/cds-rdm/workdir/tests/invenio-files-rest/original/.venv/lib/python3.9/site-packages/invenio_admin/ext.py,line=81::Usage of model and modelview kwargs are deprecated in favor of view_class, args and kwargs.
::warning file=/home/runner/work/cds-rdm/cds-rdm/workdir/tests/invenio-files-rest/original/.venv/lib/python3.9/site-packages/invenio_admin/ext.py,line=81::Usage of model and modelview kwargs are deprecated in favor of view_class, args and kwargs.
::warning file=/home/runner/work/cds-rdm/cds-rdm/workdir/tests/invenio-files-rest/original/.venv/lib/python3.9/site-packages/invenio_admin/ext.py,line=81::Usage of model and modelview kwargs are deprecated in favor of view_class, args and kwargs.
                                                   [  0%]
tests/test_cli.py .::warning file=/home/runner/work/cds-rdm/cds-rdm/workdir/tests/invenio-files-rest/original/invenio_files_rest/models.py,line=719::Object of type <ObjectVersion> not in session, add operation along 'Bucket.objects' will not proceed (This warning originated from the Session 'autoflush' process, which was invoked automatically in response to a user-initiated operation. Consider using ``no_autoflush`` context manager if this warning happened while initializing objects.)
                                                      [  1%]
tests/test_helpers.py .                                                  [  1%]
tests/test_invenio_files_rest.py ...::warning file=/home/runner/work/cds-rdm/cds-rdm/workdir/tests/invenio-files-rest/original/.venv/lib/python3.9/site-packages/alembic/config.py,line=566::No path_separator found in configuration; falling back to legacy splitting on spaces/commas for version_locations.  Consider adding path_separator=os to Alembic config.
::warning file=/home/runner/work/cds-rdm/cds-rdm/workdir/tests/invenio-files-rest/original/.venv/lib/python3.9/site-packages/alembic/ddl/postgresql.py,line=192::autoincrement and existing_autoincrement only make sense for MySQL
::warning file=/home/runner/work/cds-rdm/cds-rdm/workdir/tests/invenio-files-rest/original/.venv/lib/python3.9/site-packages/invenio_accounts/alembic/9848d0149abd_create_accounts_tables.py,line=99::The from_engine() method on Inspector is deprecated and will be removed in a future release.  Please use the sqlalchemy.inspect() function on an Engine or Connection in order to acquire an Inspector. (deprecated since: 1.4)
                                     [  3%]
tests/test_limiters.py .                                                 [  3%]
tests/test_models.py ..................::warning file=/home/runner/work/cds-rdm/cds-rdm/workdir/tests/invenio-files-rest/original/invenio_files_rest/models.py,line=719::Object of type <ObjectVersion> not in session, add operation along 'Bucket.objects' will not proceed (This warning originated from the Session 'autoflush' process, which was invoked automatically in response to a user-initiated operation. Consider using ``no_autoflush`` context manager if this warning happened while initializing objects.)
..::warning file=/home/runner/work/cds-rdm/cds-rdm/workdir/tests/invenio-files-rest/original/invenio_files_rest/models.py,line=719::Object of type <ObjectVersion> not in session, add operation along 'Bucket.objects' will not proceed (This warning originated from the Session 'autoflush' process, which was invoked automatically in response to a user-initiated operation. Consider using ``no_autoflush`` context manager if this warning happened while initializing objects.)
.::warning file=/home/runner/work/cds-rdm/cds-rdm/workdir/tests/invenio-files-rest/original/invenio_files_rest/models.py,line=719::Object of type <ObjectVersion> not in session, add operation along 'Bucket.objects' will not proceed (This warning originated from the Session 'autoflush' process, which was invoked automatically in response to a user-initiated operation. Consider using ``no_autoflush`` context manager if this warning happened while initializing objects.)
..::warning file=/home/runner/work/cds-rdm/cds-rdm/workdir/tests/invenio-files-rest/original/invenio_files_rest/models.py,line=719::Object of type <ObjectVersion> not in session, add operation along 'Bucket.objects' will not proceed (This warning originated from the Session 'autoflush' process, which was invoked automatically in response to a user-initiated operation. Consider using ``no_autoflush`` context manager if this warning happened while initializing objects.)
.::warning file=/home/runner/work/cds-rdm/cds-rdm/workdir/tests/invenio-files-rest/original/invenio_files_rest/models.py,line=719::Object of type <ObjectVersion> not in session, add operation along 'Bucket.objects' will not proceed (This warning originated from the Session 'autoflush' process, which was invoked automatically in response to a user-initiated operation. Consider using ``no_autoflush`` context manager if this warning happened while initializing objects.)
.::warning file=/home/runner/work/cds-rdm/cds-rdm/workdir/tests/invenio-files-rest/original/invenio_files_rest/models.py,line=719::Object of type <ObjectVersion> not in session, add operation along 'Bucket.objects' will not proceed (This warning originated from the Session 'autoflush' process, which was invoked automatically in response to a user-initiated operation. Consider using ``no_autoflush`` context manager if this warning happened while initializing objects.)
..::warning file=/home/runner/work/cds-rdm/cds-rdm/workdir/tests/invenio-files-rest/original/invenio_files_rest/models.py,line=719::Object of type <ObjectVersion> not in session, add operation along 'Bucket.objects' will not proceed (This warning originated from the Session 'autoflush' process, which was invoked automatically in response to a user-initiated operation. Consider using ``no_autoflush`` context manager if this warning happened while initializing objects.)
....::warning file=/home/runner/work/cds-rdm/cds-rdm/workdir/tests/invenio-files-rest/original/invenio_files_rest/models.py,line=719::Object of type <ObjectVersion> not in session, add operation along 'Bucket.objects' will not proceed (This warning originated from the Session 'autoflush' process, which was invoked automatically in response to a user-initiated operation. Consider using ``no_autoflush`` context manager if this warning happened while initializing objects.)
.::warning file=/home/runner/work/cds-rdm/cds-rdm/workdir/tests/invenio-files-rest/original/invenio_files_rest/models.py,line=719::Object of type <ObjectVersion> not in session, add operation along 'Bucket.objects' will not proceed (This warning originated from the Session 'autoflush' process, which was invoked automatically in response to a user-initiated operation. Consider using ``no_autoflush`` context manager if this warning happened while initializing objects.)
...........::warning file=/home/runner/work/cds-rdm/cds-rdm/workdir/tests/invenio-files-rest/original/invenio_files_rest/models.py,line=719::Object of type <ObjectVersion> not in session, add operation along 'Bucket.objects' will not proceed (This warning originated from the Session 'autoflush' process, which was invoked automatically in response to a user-initiated operation. Consider using ``no_autoflush`` context manager if this warning happened while initializing objects.)
         [ 23%]
tests/test_models_multipart.py ...::warning file=/home/runner/work/cds-rdm/cds-rdm/workdir/tests/invenio-files-rest/original/invenio_files_rest/models.py,line=719::Object of type <ObjectVersion> not in session, add operation along 'Bucket.objects' will not proceed (This warning originated from the Session 'autoflush' process, which was invoked automatically in response to a user-initiated operation. Consider using ``no_autoflush`` context manager if this warning happened while initializing objects.)
.::warning file=/home/runner/work/cds-rdm/cds-rdm/workdir/tests/invenio-files-rest/original/invenio_files_rest/models.py,line=719::Object of type <ObjectVersion> not in session, add operation along 'Bucket.objects' will not proceed (This warning originated from the Session 'autoflush' process, which was invoked automatically in response to a user-initiated operation. Consider using ``no_autoflush`` context manager if this warning happened while initializing objects.)
                                      [ 24%]
tests/test_request.py .                                                  [ 25%]
tests/test_serializer.py .                                               [ 25%]
tests/test_signals.py .                                                  [ 26%]
tests/test_storage.py ...................                                [ 34%]
tests/test_tasks.py .......                                              [ 38%]
tests/test_views_bucket.py .....................                         [ 47%]
tests/test_views_location.py ......                                      [ 50%]
tests/test_views_multipart.py .................................::warning file=/home/runner/work/cds-rdm/cds-rdm/workdir/tests/invenio-files-rest/original/invenio_files_rest/models.py,line=719::Object of type <ObjectVersion> not in session, add operation along 'Bucket.objects' will not proceed (This warning originated from the Session 'autoflush' process, which was invoked automatically in response to a user-initiated operation. Consider using ``no_autoflush`` context manager if this warning happened while initializing objects.)
.::warning file=/home/runner/work/cds-rdm/cds-rdm/workdir/tests/invenio-files-rest/original/invenio_files_rest/models.py,line=719::Object of type <ObjectVersion> not in session, add operation along 'Bucket.objects' will not proceed (This warning originated from the Session 'autoflush' process, which was invoked automatically in response to a user-initiated operation. Consider using ``no_autoflush`` context manager if this warning happened while initializing objects.)
........ [ 69%]
.......                                                                  [ 72%]
tests/test_views_objectversion.py ...........::warning file=/home/runner/work/cds-rdm/cds-rdm/workdir/tests/invenio-files-rest/original/invenio_files_rest/helpers.py,line=324::This streaming does not support multiple storage backends.
........................... [ 89%]
......................                                                   [ 99%]
invenio_files_rest/__init__.py ::error file=workdir/tests/invenio-files-rest/original/invenio_files_rest/__init__.py,line=12::[doctest] invenio_files_rest
F::warning file=/home/runner/work/cds-rdm/cds-rdm/workdir/tests/invenio-files-rest/original/.venv/lib/python3.9/site-packages/invenio_rest/ext.py,line=29::CSRF validation will be enabled by default in the version 1.3.x
                                         [100%]

=================================== FAILURES ===================================
_________________________ [doctest] invenio_files_rest _________________________
082 
083 >>> ext_rest = InvenioFilesREST(app)
084 
085 >>> app.register_blueprint(blueprint)
086 
087 >>> app.app_context().push()
088 
089 Let's create the database and tables, using an in-memory SQLite database:
090 
091 >>> db.create_all()
UNEXPECTED EXCEPTION: TypeError("'options' is an invalid keyword argument for this function")
Traceback (most recent call last):
  File "/opt/hostedtoolcache/Python/3.9.25/x64/lib/python3.9/doctest.py", line 1334, in __run
    exec(compile(example.source, filename, "single",
  File "<doctest invenio_files_rest[38]>", line 1, in <module>
  File "/home/runner/work/cds-rdm/cds-rdm/workdir/tests/invenio-files-rest/original/.venv/lib/python3.9/site-packages/flask_sqlalchemy/extension.py", line 900, in create_all
    self._call_for_binds(bind_key, "create_all")
  File "/home/runner/work/cds-rdm/cds-rdm/workdir/tests/invenio-files-rest/original/.venv/lib/python3.9/site-packages/flask_sqlalchemy/extension.py", line 881, in _call_for_binds
    getattr(metadata, op_name)(bind=engine)
  File "/home/runner/work/cds-rdm/cds-rdm/workdir/tests/invenio-files-rest/original/.venv/lib/python3.9/site-packages/sqlalchemy/sql/schema.py", line 5928, in create_all
    bind._run_ddl_visitor(
  File "/home/runner/work/cds-rdm/cds-rdm/workdir/tests/invenio-files-rest/original/.venv/lib/python3.9/site-packages/sqlalchemy/engine/base.py", line 3267, in _run_ddl_visitor
    with self.begin() as conn:
  File "/opt/hostedtoolcache/Python/3.9.25/x64/lib/python3.9/contextlib.py", line 119, in __enter__
    return next(self.gen)
  File "/home/runner/work/cds-rdm/cds-rdm/workdir/tests/invenio-files-rest/original/.venv/lib/python3.9/site-packages/sqlalchemy/engine/base.py", line 3257, in begin
    with self.connect() as conn:
  File "/home/runner/work/cds-rdm/cds-rdm/workdir/tests/invenio-files-rest/original/.venv/lib/python3.9/site-packages/sqlalchemy/engine/base.py", line 3293, in connect
    return self._connection_cls(self)
  File "/home/runner/work/cds-rdm/cds-rdm/workdir/tests/invenio-files-rest/original/.venv/lib/python3.9/site-packages/sqlalchemy/engine/base.py", line 143, in __init__
    self._dbapi_connection = engine.raw_connection()
  File "/home/runner/work/cds-rdm/cds-rdm/workdir/tests/invenio-files-rest/original/.venv/lib/python3.9/site-packages/sqlalchemy/engine/base.py", line 3317, in raw_connection
    return self.pool.connect()
  File "/home/runner/work/cds-rdm/cds-rdm/workdir/tests/invenio-files-rest/original/.venv/lib/python3.9/site-packages/sqlalchemy/pool/base.py", line 448, in connect
    return _ConnectionFairy._checkout(self)
  File "/home/runner/work/cds-rdm/cds-rdm/workdir/tests/invenio-files-rest/original/.venv/lib/python3.9/site-packages/sqlalchemy/pool/base.py", line 1272, in _checkout
    fairy = _ConnectionRecord.checkout(pool)
  File "/home/runner/work/cds-rdm/cds-rdm/workdir/tests/invenio-files-rest/original/.venv/lib/python3.9/site-packages/sqlalchemy/pool/base.py", line 712, in checkout
    rec = pool._do_get()
  File "/home/runner/work/cds-rdm/cds-rdm/workdir/tests/invenio-files-rest/original/.venv/lib/python3.9/site-packages/sqlalchemy/pool/impl.py", line 514, in _do_get
    rec = self.connection
  File "/home/runner/work/cds-rdm/cds-rdm/workdir/tests/invenio-files-rest/original/.venv/lib/python3.9/site-packages/sqlalchemy/util/langhelpers.py", line 1123, in __get__
    obj.__dict__[self.__name__] = result = self.fget(obj)
  File "/home/runner/work/cds-rdm/cds-rdm/workdir/tests/invenio-files-rest/original/.venv/lib/python3.9/site-packages/sqlalchemy/pool/impl.py", line 471, in connection
    return _ConnectionRecord(self)
  File "/home/runner/work/cds-rdm/cds-rdm/workdir/tests/invenio-files-rest/original/.venv/lib/python3.9/site-packages/sqlalchemy/pool/base.py", line 674, in __init__
    self.__connect()
  File "/home/runner/work/cds-rdm/cds-rdm/workdir/tests/invenio-files-rest/original/.venv/lib/python3.9/site-packages/sqlalchemy/pool/base.py", line 901, in __connect
    pool.logger.debug("Error on connect(): %s", e)
  File "/home/runner/work/cds-rdm/cds-rdm/workdir/tests/invenio-files-rest/original/.venv/lib/python3.9/site-packages/sqlalchemy/util/langhelpers.py", line 121, in __exit__
    raise exc_value.with_traceback(exc_tb)
  File "/home/runner/work/cds-rdm/cds-rdm/workdir/tests/invenio-files-rest/original/.venv/lib/python3.9/site-packages/sqlalchemy/pool/base.py", line 896, in __connect
    self.dbapi_connection = connection = pool._invoke_creator(self)
  File "/home/runner/work/cds-rdm/cds-rdm/workdir/tests/invenio-files-rest/original/.venv/lib/python3.9/site-packages/sqlalchemy/engine/create.py", line 667, in connect
    return dialect.connect(*cargs_tup, **cparams)
  File "/home/runner/work/cds-rdm/cds-rdm/workdir/tests/invenio-files-rest/original/.venv/lib/python3.9/site-packages/sqlalchemy/engine/default.py", line 630, in connect
    return self.loaded_dbapi.connect(*cargs, **cparams)  # type: ignore[no-any-return]  # NOQA: E501
TypeError: 'options' is an invalid keyword argument for this function
/home/runner/work/cds-rdm/cds-rdm/workdir/tests/invenio-files-rest/original/invenio_files_rest/__init__.py:91: UnexpectedException
=============================== warnings summary ===============================
.venv/lib/python3.9/site-packages/webargs/compat.py:8
  /home/runner/work/cds-rdm/cds-rdm/workdir/tests/invenio-files-rest/original/.venv/lib/python3.9/site-packages/webargs/compat.py:8: DeprecationWarning: The '__version__' attribute is deprecated and will be removed in in a future version. Use feature detection or 'importlib.metadata.version("marshmallow")' instead.
    MARSHMALLOW_VERSION_INFO = tuple(LooseVersion(ma.__version__).version)  # type: tuple

.venv/lib/python3.9/site-packages/webargs/compat.py:8
  /home/runner/work/cds-rdm/cds-rdm/workdir/tests/invenio-files-rest/original/.venv/lib/python3.9/site-packages/webargs/compat.py:8: DeprecationWarning: distutils Version classes are deprecated. Use packaging.version instead.
    MARSHMALLOW_VERSION_INFO = tuple(LooseVersion(ma.__version__).version)  # type: tuple

.venv/lib/python3.9/site-packages/webargs/__init__.py:13
  /home/runner/work/cds-rdm/cds-rdm/workdir/tests/invenio-files-rest/original/.venv/lib/python3.9/site-packages/webargs/__init__.py:13: DeprecationWarning: distutils Version classes are deprecated. Use packaging.version instead.
    __version_info__ = tuple(LooseVersion(__version__).version)

.venv/lib/python3.9/site-packages/flask_admin/contrib/__init__.py:2
  /home/runner/work/cds-rdm/cds-rdm/workdir/tests/invenio-files-rest/original/.venv/lib/python3.9/site-packages/flask_admin/contrib/__init__.py:2: UserWarning: pkg_resources is deprecated as an API. See https://setuptools.pypa.io/en/latest/pkg_resources.html. The pkg_resources package is slated for removal as early as 2025-11-30. Refrain from using this package or pin to Setuptools<81.
    __import__('pkg_resources').declare_namespace(__name__)

.venv/lib/python3.9/site-packages/pkg_resources/__init__.py:3148
.venv/lib/python3.9/site-packages/pkg_resources/__init__.py:3148
  /home/runner/work/cds-rdm/cds-rdm/workdir/tests/invenio-files-rest/original/.venv/lib/python3.9/site-packages/pkg_resources/__init__.py:3148: DeprecationWarning: Deprecated call to `pkg_resources.declare_namespace('sphinxcontrib')`.
  Implementing implicit namespace packages (as specified in PEP 420) is preferred to `pkg_resources.declare_namespace`. See https://setuptools.pypa.io/en/latest/references/keywords.html#keyword-namespace-packages
    declare_namespace(pkg)

.venv/lib/python3.9/site-packages/flask_admin/contrib/__init__.py:2
  /home/runner/work/cds-rdm/cds-rdm/workdir/tests/invenio-files-rest/original/.venv/lib/python3.9/site-packages/flask_admin/contrib/__init__.py:2: DeprecationWarning: Deprecated call to `pkg_resources.declare_namespace('flask_admin.contrib')`.
  Implementing implicit namespace packages (as specified in PEP 420) is preferred to `pkg_resources.declare_namespace`. See https://setuptools.pypa.io/en/latest/references/keywords.html#keyword-namespace-packages
    __import__('pkg_resources').declare_namespace(__name__)

.venv/lib/python3.9/site-packages/pkg_resources/__init__.py:2560
  /home/runner/work/cds-rdm/cds-rdm/workdir/tests/invenio-files-rest/original/.venv/lib/python3.9/site-packages/pkg_resources/__init__.py:2560: DeprecationWarning: Deprecated call to `pkg_resources.declare_namespace('flask_admin')`.
  Implementing implicit namespace packages (as specified in PEP 420) is preferred to `pkg_resources.declare_namespace`. See https://setuptools.pypa.io/en/latest/references/keywords.html#keyword-namespace-packages
    declare_namespace(parent)

tests/test_admin.py: 12 warnings
  /home/runner/work/cds-rdm/cds-rdm/workdir/tests/invenio-files-rest/original/.venv/lib/python3.9/site-packages/invenio_admin/ext.py:81: PendingDeprecationWarning: Usage of model and modelview kwargs are deprecated in favor of view_class, args and kwargs.
    warnings.warn(

tests/test_cli.py: 1 warning
tests/test_models.py: 10 warnings
tests/test_models_multipart.py: 2 warnings
tests/test_views_multipart.py: 2 warnings
  /home/runner/work/cds-rdm/cds-rdm/workdir/tests/invenio-files-rest/original/invenio_files_rest/models.py:719: SAWarning: Object of type <ObjectVersion> not in session, add operation along 'Bucket.objects' will not proceed (This warning originated from the Session 'autoflush' process, which was invoked automatically in response to a user-initiated operation. Consider using ``no_autoflush`` context manager if this warning happened while initializing objects.)
    return db.session.query(cls).filter_by(id=file_id).one_or_none()

tests/test_invenio_files_rest.py::test_alembic
  /home/runner/work/cds-rdm/cds-rdm/workdir/tests/invenio-files-rest/original/.venv/lib/python3.9/site-packages/alembic/config.py:566: DeprecationWarning: No path_separator found in configuration; falling back to legacy splitting on spaces/commas for version_locations.  Consider adding path_separator=os to Alembic config.
    util.warn_deprecated(

tests/test_invenio_files_rest.py::test_alembic
  /home/runner/work/cds-rdm/cds-rdm/workdir/tests/invenio-files-rest/original/.venv/lib/python3.9/site-packages/alembic/ddl/postgresql.py:192: UserWarning: autoincrement and existing_autoincrement only make sense for MySQL
    super().alter_column(

tests/test_invenio_files_rest.py::test_alembic
  /home/runner/work/cds-rdm/cds-rdm/workdir/tests/invenio-files-rest/original/.venv/lib/python3.9/site-packages/invenio_accounts/alembic/9848d0149abd_create_accounts_tables.py:99: SADeprecationWarning: The from_engine() method on Inspector is deprecated and will be removed in a future release.  Please use the sqlalchemy.inspect() function on an Engine or Connection in order to acquire an Inspector. (deprecated since: 1.4)
    insp = Inspector.from_engine(ctx.connection.engine)

tests/test_views_objectversion.py::test_get_with_x_sendfile
  /home/runner/work/cds-rdm/cds-rdm/workdir/tests/invenio-files-rest/original/invenio_files_rest/helpers.py:324: UserWarning: This streaming does not support multiple storage backends.
    warnings.warn("This streaming does not support multiple storage backends.")

invenio_files_rest/__init__.py::invenio_files_rest
  /home/runner/work/cds-rdm/cds-rdm/workdir/tests/invenio-files-rest/original/.venv/lib/python3.9/site-packages/invenio_rest/ext.py:29: FutureWarning: CSRF validation will be enabled by default in the version 1.3.x
    self.init_app(app)

-- Docs: https://docs.pytest.org/en/stable/how-to/capture-warnings.html
================================ tests coverage ================================
_______________ coverage: platform linux, python 3.9.25-final-0 ________________

Name                                                                                  Stmts   Miss  Cover   Missing
-------------------------------------------------------------------------------------------------------------------
invenio_files_rest/__init__.py                                                            4      0   100%
invenio_files_rest/admin.py                                                             116     13    89%   338-354
invenio_files_rest/alembic/2e97565eba72_create_files_rest_tables.py                      34      0   100%
invenio_files_rest/alembic/8ae99b034410_create_files_objecttags_table.py                 22      3    86%   28-29, 67
invenio_files_rest/alembic/08e4a71525b6_change_datetime_types.py                         15      0   100%
invenio_files_rest/alembic/52ce868f33c3_create_files_rest_branch.py                       8      0   100%
invenio_files_rest/alembic/a29271fd78f8_create_files_object_partial_unique_index.py      12      0   100%
invenio_files_rest/alembic/e172c837b036_add_indexes.py                                   21      0   100%
invenio_files_rest/alembic/f741aa746a7d_alter_files_files_last_check_column_to_.py       10      0   100%
invenio_files_rest/app.py                                                                 4      0   100%
invenio_files_rest/cli.py                                                                66      0   100%
invenio_files_rest/config.py                                                             28      0   100%
invenio_files_rest/errors.py                                                             63      4    94%   29, 54-55, 59
invenio_files_rest/ext.py                                                                52      1    98%   87
invenio_files_rest/formparser.py                                                         24      7    71%   35, 39, 54, 65, 69-71
invenio_files_rest/helpers.py                                                           116      5    96%   183-187
invenio_files_rest/limiters.py                                                           25      0   100%
invenio_files_rest/models.py                                                            645     23    96%   117, 542-547, 711, 1021-1023, 1405, 1463, 1591, 1628-1635, 1641, 1732-1735
invenio_files_rest/permissions.py                                                        38      1    97%   134
invenio_files_rest/proxies.py                                                             5      0   100%
invenio_files_rest/serializer.py                                                        123      2    98%   304, 337
invenio_files_rest/signals.py                                                             6      0   100%
invenio_files_rest/storage/__init__.py                                                    3      0   100%
invenio_files_rest/storage/base.py                                                       90      2    98%   120-121
invenio_files_rest/storage/pyfs.py                                                      127     10    92%   58, 79, 91, 117, 127, 139, 231-234
invenio_files_rest/tasks.py                                                             123     19    85%   108-109, 118, 241-243, 259, 261, 268-270, 276-285
invenio_files_rest/utils.py                                                              19      1    95%   35
invenio_files_rest/views.py                                                             273      4    99%   291, 726, 770, 772
invenio_files_rest/wrappers.py                                                            4      0   100%
-------------------------------------------------------------------------------------------------------------------
TOTAL                                                                                  2076     95    95%
=========================== short test summary info ============================
FAILED invenio_files_rest/__init__.py::invenio_files_rest
============ 1 failed, 220 passed, 40 warnings in 104.79s (0:01:44) ============
 Container docker_services_cli-redis-1  Stopping
 Container docker_services_cli-rabbitmq-1  Stopping
 Container docker_services_cli-opensearch-1  Stopping
 Container docker_services_cli-postgresql-1  Stopping
 Container docker_services_cli-redis-1  Stopped
 Container docker_services_cli-redis-1  Removing
 Container docker_services_cli-redis-1  Removed
 Container docker_services_cli-opensearch-1  Stopped
 Container docker_services_cli-opensearch-1  Removing
 Container docker_services_cli-opensearch-1  Removed
 Container docker_services_cli-postgresql-1  Stopped
 Container docker_services_cli-postgresql-1  Removing
 Container docker_services_cli-postgresql-1  Removed
 Container docker_services_cli-rabbitmq-1  Stopped
 Container docker_services_cli-rabbitmq-1  Removing
 Container docker_services_cli-rabbitmq-1  Removed
 Network docker_services_cli_default  Removing
 Network docker_services_cli_default  Removed
