 opensearch Pulling 
 postgresql Pulling 
 redis Pulling 
 rabbitmq Pulling 
 redis Pulled 
 rabbitmq Pulled 
 postgresql Pulled 
 opensearch Pulled 
 Network docker_services_cli_default  Creating
 Network docker_services_cli_default  Created
 Container docker_services_cli-postgresql-1  Creating
 Container docker_services_cli-opensearch-1  Creating
 Container docker_services_cli-rabbitmq-1  Creating
 Container docker_services_cli-redis-1  Creating
 Container docker_services_cli-redis-1  Created
 Container docker_services_cli-opensearch-1  Created
 Container docker_services_cli-rabbitmq-1  Created
 Container docker_services_cli-postgresql-1  Created
 Container docker_services_cli-rabbitmq-1  Starting
 Container docker_services_cli-postgresql-1  Starting
 Container docker_services_cli-opensearch-1  Starting
 Container docker_services_cli-redis-1  Starting
 Container docker_services_cli-postgresql-1  Started
 Container docker_services_cli-redis-1  Started
 Container docker_services_cli-rabbitmq-1  Started
 Container docker_services_cli-opensearch-1  Started
============================= test session starts ==============================
platform linux -- Python 3.9.25, pytest-8.4.2, pluggy-1.6.0
rootdir: /home/runner/work/cds-rdm/cds-rdm/workdir/tests/invenio-cern-sync/original
configfile: setup.cfg
testpaths: tests, invenio_cern_sync
plugins: isort-4.0.0, flask-1.3.0, black-ng-0.4.1, invenio-3.4.2, github-actions-annotate-failures-0.3.0, pydocstyle-2.4.0, cov-7.0.0, pycodestyle-2.5.0
collected 27 items
tests/test_authz_client.py ......                                        [ 22%]
tests/test_authz_serializer.py 
                                     [ 40%]
tests/test_invenio_cern.py ..                                            [ 48%]
tests/test_ldap_serializer.py 
                                     [ 70%]
tests/test_sync_groups.py 
                                             [ 77%]
tests/test_sync_users.py 
                                          [100%]
=============================== warnings summary ===============================
tests/test_authz_serializer.py::test_missing_required_fields[personId]
tests/test_ldap_serializer.py::test_serialize_ldap_users
tests/test_sync_groups.py::test_sync_groups
tests/test_sync_users.py::test_sync_authz
    self.init_app(app)
================================ tests coverage ================================
_______________ coverage: platform linux, python 3.9.25-final-0 ________________
Name                                    Stmts   Miss  Cover   Missing
invenio_cern_sync/__init__.py               3      0   100%
invenio_cern_sync/authz/__init__.py         0      0   100%
invenio_cern_sync/authz/client.py          76     19    75%   25-39, 150-152, 184-186
invenio_cern_sync/authz/mapper.py           4      0   100%
invenio_cern_sync/authz/serializer.py      22      0   100%
invenio_cern_sync/config.py                12      0   100%
invenio_cern_sync/errors.py                12      2    83%   34-35
invenio_cern_sync/ext.py                   12      0   100%
invenio_cern_sync/groups/__init__.py        0      0   100%
invenio_cern_sync/groups/sync.py           32      1    97%   22
invenio_cern_sync/ldap/__init__.py          0      0   100%
invenio_cern_sync/ldap/client.py           31     19    39%   70-72, 76, 88-111
invenio_cern_sync/ldap/mapper.py            5      0   100%
invenio_cern_sync/ldap/serializer.py       23      0   100%
invenio_cern_sync/logging.py               16      3    81%   26, 36, 41
invenio_cern_sync/sso/__init__.py          12      0   100%
invenio_cern_sync/sso/api.py               45     32    29%   25-32, 41-57, 62-69, 74-81, 112-115, 120-126
invenio_cern_sync/tasks.py                 25     25     0%   10-43
invenio_cern_sync/users/__init__.py         0      0   100%
invenio_cern_sync/users/api.py             67      3    96%   120, 148-149
invenio_cern_sync/users/profile.py         12     12     0%   10-25
invenio_cern_sync/users/sync.py           110      9    92%   174, 200-203, 213-219, 235, 264
invenio_cern_sync/utils.py                 11      0   100%
TOTAL                                     530    125    76%
======================== 27 passed, 4 warnings in 6.73s ========================
 Container docker_services_cli-postgresql-1  Stopping
 Container docker_services_cli-opensearch-1  Stopping
 Container docker_services_cli-redis-1  Stopping
 Container docker_services_cli-rabbitmq-1  Stopping
 Container docker_services_cli-postgresql-1  Stopped
 Container docker_services_cli-postgresql-1  Removing
 Container docker_services_cli-redis-1  Stopped
 Container docker_services_cli-redis-1  Removing
 Container docker_services_cli-postgresql-1  Removed
 Container docker_services_cli-redis-1  Removed
 Container docker_services_cli-opensearch-1  Stopped
 Container docker_services_cli-opensearch-1  Removing
 Container docker_services_cli-opensearch-1  Removed
 Container docker_services_cli-rabbitmq-1  Stopped
 Container docker_services_cli-rabbitmq-1  Removing
 Container docker_services_cli-rabbitmq-1  Removed
 Network docker_services_cli_default  Removing
 Network docker_services_cli_default  Removed
