============================= test session starts ==============================
platform linux -- Python 3.9.25, pytest-8.4.2, pluggy-1.6.0
rootdir: /home/runner/work/cds-rdm/cds-rdm/workdir/tests/invenio-assets/original
configfile: setup.cfg
testpaths: tests, invenio_assets
plugins: isort-4.0.0, flask-1.3.0, black-ng-0.4.1, invenio-3.4.2, github-actions-annotate-failures-0.3.0, pydocstyle-2.4.0, cov-7.0.0, pycodestyle-2.5.0
collected 11 items

tests/test_invenio_assets.py .....                                       [ 45%]
tests/test_invenio_assets_cli.py .                                       [ 54%]
tests/test_webpack.py ....                                               [ 90%]
invenio_assets/__init__.py .                                             [100%]

================================ tests coverage ================================
_______________ coverage: platform linux, python 3.9.25-final-0 ________________

Name                         Stmts   Miss  Cover   Missing
----------------------------------------------------------
invenio_assets/__init__.py       4      0   100%
invenio_assets/cli.py            9      0   100%
invenio_assets/collect.py        3      0   100%
invenio_assets/ext.py           24      0   100%
invenio_assets/proxies.py        4      0   100%
invenio_assets/webpack.py       53      1    98%   113
----------------------------------------------------------
TOTAL                           97      1    99%
============================== 11 passed in 1.22s ==============================
