/home/runner/work/cds-rdm/cds-rdm/workdir/tests/invenio-mail/original/.venv/lib/python3.9/site-packages/selenium/webdriver/firefox/firefox_profile.py:208: SyntaxWarning: "is" with a literal. Did you mean "=="?
  if setting is None or setting is '':
============================= test session starts ==============================
platform linux -- Python 3.9.25, pytest-7.1.3, pluggy-1.6.0
rootdir: /home/runner/work/cds-rdm/cds-rdm/workdir/tests/invenio-mail/original, configfile: setup.cfg, testpaths: tests, invenio_mail
plugins: isort-4.0.0, flask-1.3.0, black-ng-0.4.1, invenio-3.4.2, github-actions-annotate-failures-0.3.0, pydocstyle-2.4.0, cov-7.0.0, pycodestyle-2.5.0
collected 14 items
tests/test_invenio_mail.py ...                                           [ 21%]
tests/test_invenio_mail_api.py ..                                        [ 35%]
tests/test_invenio_mail_failure.py ..                                    [ 50%]
tests/test_invenio_mail_tasks.py ......                                  [ 92%]
invenio_mail/__init__.py .                                               [100%]
================================ tests coverage ================================
_______________ coverage: platform linux, python 3.9.25-final-0 ________________
Name                       Stmts   Miss  Cover   Missing
invenio_mail/__init__.py       3      0   100%
invenio_mail/api.py           10      0   100%
invenio_mail/config.py         6      0   100%
invenio_mail/errors.py         1      0   100%
invenio_mail/ext.py           38      0   100%
invenio_mail/tasks.py         48      4    92%   41, 84, 118-121
TOTAL                        106      4    96%
============================== 14 passed in 0.32s ==============================
