 redis Pulling 
 postgresql Pulling 
 opensearch Pulling 
 redis Pulled 
 postgresql Pulled 
 opensearch Pulled 
 Network docker_services_cli_default  Creating
 Network docker_services_cli_default  Created
 Container docker_services_cli-postgresql-1  Creating
 Container docker_services_cli-opensearch-1  Creating
 Container docker_services_cli-redis-1  Creating
 Container docker_services_cli-redis-1  Created
 Container docker_services_cli-postgresql-1  Created
 Container docker_services_cli-opensearch-1  Created
 Container docker_services_cli-opensearch-1  Starting
 Container docker_services_cli-redis-1  Starting
 Container docker_services_cli-postgresql-1  Starting
 Container docker_services_cli-redis-1  Started
 Container docker_services_cli-postgresql-1  Started
 Container docker_services_cli-opensearch-1  Started
============================= test session starts ==============================
platform linux -- Python 3.9.25, pytest-8.4.2, pluggy-1.6.0
rootdir: /home/runner/work/cds-rdm/cds-rdm/workdir/tests/invenio-github/original
configfile: setup.cfg
testpaths: tests, invenio_github
plugins: mock-3.15.1, isort-4.0.0, flask-1.3.0, invenio-3.4.2, github-actions-annotate-failures-0.3.0, pydocstyle-2.4.0, cov-7.0.0, black-0.6.0, pycodestyle-2.5.0
collected 18 items
tests/test_alembic.py .                                                  [  5%]
tests/test_api.py 
                                              [ 55%]
tests/test_invenio_github.py ..                                          [ 66%]
tests/test_models.py 
                                                   [ 72%]
tests/test_tasks.py 
                                                   [ 83%]
tests/test_views.py 
                                                    [ 88%]
tests/test_webhook.py 
                                                 [100%]
=============================== warnings summary ===============================
tests/test_api.py::test_github_api_create_hook
tests/test_models.py::test_repository_unbound
tests/test_tasks.py::test_real_process_release_task
tests/test_views.py::test_api_init_user
tests/test_webhook.py::test_webhook_post
    self.init_app(app)
tests/test_api.py::test_github_api_create_hook
tests/test_models.py::test_repository_unbound
tests/test_tasks.py::test_real_process_release_task
tests/test_views.py::test_api_init_user
tests/test_webhook.py::test_webhook_post
    self._set_cache(app, config)
================================ tests coverage ================================
_______________ coverage: platform linux, python 3.9.25-final-0 ________________
Name                                                           Stmts   Miss  Cover   Missing
invenio_github/__init__.py                                         3      0   100%
invenio_github/alembic/2f62e6442a08_change_datetime_types.py      13      0   100%
invenio_github/alembic/5a5428312b2b_create_github_branch.py       10      0   100%
invenio_github/alembic/b0eaee37b545_create_github_tables.py       20      0   100%
invenio_github/api.py                                            357    151    58%   74, 79-83, 88-96, 118-125, 138, 150, 155, 240-245, 263-269, 293, 298-303, 332, 343, 347-363, 367-371, 375-383, 387-402, 407, 412, 416-419, 433-439, 446-453, 458-460, 465-470, 475-480, 494, 524-530, 535-538, 548-551, 562-583, 591-597, 603-604, 608, 622, 642-650, 653, 664, 668, 672, 687-689, 695-699, 711, 715, 721, 727, 732
invenio_github/config.py                                          17      0   100%
invenio_github/errors.py                                          63     23    63%   42-46, 56-57, 78-80, 90-91, 101-102, 112-113, 123-124, 134-135, 145, 155, 165
invenio_github/ext.py                                             38      6    84%   55, 62-63, 87, 92-93
invenio_github/models.py                                          77      8    90%   92, 97, 102, 107, 198-199, 203, 261
invenio_github/proxies.py                                          3      0   100%
invenio_github/receivers.py                                       41      6    85%   80, 99, 107-108, 110-111
invenio_github/tasks.py                                           87     37    57%   44-47, 52-53, 58-59, 76-95, 113-118, 137-145, 148
invenio_github/utils.py                                           19      9    53%   42-45, 55-59
invenio_github/views/__init__.py                                   0      0   100%
invenio_github/views/badge.py                                     48     32    33%   51-68, 75-92, 100-111, 118-125
invenio_github/views/github.py                                   130     74    43%   46-50, 89-104, 114-139, 156-164, 176-178, 194-220, 235-263
invenio_github/webpack.py                                          2      2     0%   9-11
TOTAL                                                            928    348    62%
======================= 18 passed, 10 warnings in 11.15s =======================
 Container docker_services_cli-redis-1  Stopping
 Container docker_services_cli-opensearch-1  Stopping
 Container docker_services_cli-postgresql-1  Stopping
 Container docker_services_cli-redis-1  Stopped
 Container docker_services_cli-redis-1  Removing
 Container docker_services_cli-postgresql-1  Stopped
 Container docker_services_cli-postgresql-1  Removing
 Container docker_services_cli-postgresql-1  Removed
 Container docker_services_cli-redis-1  Removed
 Container docker_services_cli-opensearch-1  Stopped
 Container docker_services_cli-opensearch-1  Removing
 Container docker_services_cli-opensearch-1  Removed
 Network docker_services_cli_default  Removing
 Network docker_services_cli_default  Removed
