/home/runner/work/cds-rdm/cds-rdm/workdir/tests/invenio-config/original/.venv/lib/python3.9/site-packages/selenium/webdriver/firefox/firefox_profile.py:208: SyntaxWarning: "is" with a literal. Did you mean "=="?
  if setting is None or setting is '':
============================= test session starts ==============================
platform linux -- Python 3.9.25, pytest-7.1.3, pluggy-1.6.0
rootdir: /home/runner/work/cds-rdm/cds-rdm/workdir/tests/invenio-config/original, configfile: setup.cfg, testpaths: tests, invenio_config
plugins: cov-5.0.0, isort-4.0.0, flask-1.3.0, black-ng-0.4.1, invenio-3.4.2, pydocstyle-2.4.0, pycodestyle-2.5.0
collected 11 items
tests/test_invenio_config.py ..........                                  [ 90%]
invenio_config/__init__.py .                                             [100%]
=============================== warnings summary ===============================
tests/test_invenio_config.py::test_default_allowed_html_tags
tests/test_invenio_config.py::test_default_allowed_html_attrs
tests/test_invenio_config.py::test_conf_loader_factory
invenio_config/__init__.py::invenio_config
    warnings.warn(
---------- coverage: platform linux, python 3.9.25-final-0 -----------
Name                           Stmts   Miss  Cover   Missing
invenio_config/__init__.py         9      0   100%
invenio_config/default.py         17      0   100%
invenio_config/entrypoint.py      14      0   100%
invenio_config/env.py             20      0   100%
invenio_config/folder.py           7      0   100%
invenio_config/module.py           9      0   100%
invenio_config/utils.py           16      0   100%
TOTAL                             92      0   100%
======================== 11 passed, 4 warnings in 0.54s ========================
