 redis Pulling 
 postgresql Pulling 
 opensearch Pulling 
 redis Pulled 
 opensearch Pulled 
 postgresql Pulled 
 Network docker_services_cli_default  Creating
 Network docker_services_cli_default  Created
 Container docker_services_cli-redis-1  Creating
 Container docker_services_cli-opensearch-1  Creating
 Container docker_services_cli-postgresql-1  Creating
 Container docker_services_cli-redis-1  Created
 Container docker_services_cli-postgresql-1  Created
 Container docker_services_cli-opensearch-1  Created
 Container docker_services_cli-postgresql-1  Starting
 Container docker_services_cli-opensearch-1  Starting
 Container docker_services_cli-redis-1  Starting
 Container docker_services_cli-redis-1  Started
 Container docker_services_cli-postgresql-1  Started
 Container docker_services_cli-opensearch-1  Started
============================= test session starts ==============================
platform linux -- Python 3.9.25, pytest-8.4.2, pluggy-1.6.0
rootdir: /home/runner/work/cds-rdm/cds-rdm/workdir/tests/invenio-userprofiles/original
configfile: setup.cfg
testpaths: tests, invenio_userprofiles
plugins: isort-4.0.0, flask-1.3.0, invenio-3.4.2, github-actions-annotate-failures-0.3.0, pydocstyle-2.4.0, cov-7.0.0, black-0.6.0, pycodestyle-2.5.0
collected 25 items
tests/test_api.py 
                                                     [  8%]
tests/test_forms.py .......                                              [ 36%]
tests/test_invenio_userprofile.py ..s                                    [ 48%]
tests/test_models.py ....                                                [ 64%]
tests/test_validators.py .                                               [ 68%]
tests/test_views.py ........                                             [100%]
=============================== warnings summary ===============================
    warn(
================================ tests coverage ================================
_______________ coverage: platform linux, python 3.9.25-final-0 ________________
Name                                                                      Stmts   Miss  Cover   Missing
invenio_userprofiles/__init__.py                                             12      4    67%   23-29
invenio_userprofiles/alembic/41157f1933d6_remove_table.py                    20     10    50%   27-58, 63
invenio_userprofiles/alembic/71634726ec7e_create_userprofiles_branch.py       8      0   100%
invenio_userprofiles/alembic/c25ef2c50ffa_create_userprofiles_tables.py      10      2    80%   23, 40
invenio_userprofiles/api.py                                                   9      0   100%
invenio_userprofiles/config.py                                                9      0   100%
invenio_userprofiles/ext.py                                                  38      1    97%   91
invenio_userprofiles/forms.py                                               109     12    89%   48, 195-199, 257-258, 312-315
invenio_userprofiles/models.py                                               46      8    83%   20, 57, 63-69
invenio_userprofiles/validators.py                                            9      3    67%   42-48
invenio_userprofiles/views.py                                                65      8    88%   45-46, 73-74, 149-153
TOTAL                                                                       335     48    86%
================== 24 passed, 1 skipped, 42 warnings in 9.35s ==================
 Container docker_services_cli-postgresql-1  Stopping
 Container docker_services_cli-redis-1  Stopping
 Container docker_services_cli-opensearch-1  Stopping
 Container docker_services_cli-redis-1  Stopped
 Container docker_services_cli-redis-1  Removing
 Container docker_services_cli-postgresql-1  Stopped
 Container docker_services_cli-postgresql-1  Removing
 Container docker_services_cli-postgresql-1  Removed
 Container docker_services_cli-redis-1  Removed
 Container docker_services_cli-opensearch-1  Stopped
 Container docker_services_cli-opensearch-1  Removing
 Container docker_services_cli-opensearch-1  Removed
 Network docker_services_cli_default  Removing
 Network docker_services_cli_default  Removed
